[23:48:04] [main/INFO] (FabricLoader) Loading for game Minecraft 20w28a
[23:48:04] [main/DEBUG] (FabricLoader) Requesting deobfuscation of minecraft-20w28a-mapped-net.fabricmc.yarn-20w28a+build.17-v2.jar
[23:48:04] [main/DEBUG] (FabricLoader) [Knot] Proposed file:/C:/Users/Bryant/.gradle/caches/fabric-loom/20w28a-mapped-net.fabricmc.yarn-20w28a+build.17-v2/minecraft-20w28a-mapped-net.fabricmc.yarn-20w28a+build.17-v2.jar to classpath.
[23:48:04] [main/DEBUG] (FabricLoader|EntrypointTransformer) Found game constructor: net.minecraft.client.main.Main -> net.minecraft.client.MinecraftClient
[23:48:04] [main/DEBUG] (FabricLoader|EntrypointTransformer) Patching game constructor <init>(Lnet/minecraft/client/RunArgs;)V
[23:48:04] [main/DEBUG] (FabricLoader|EntrypointTransformer) Run directory field is thought to be net/minecraft/client/MinecraftClient/runDirectory
[23:48:04] [main/DEBUG] (FabricLoader|EntrypointTransformer) Applying brand name hook to net/minecraft/client/ClientBrandRetriever::getClientModName
[23:48:04] [main/DEBUG] (FabricLoader|EntrypointTransformer) Applying brand name hook to net/minecraft/server/MinecraftServer::getServerModName
[23:48:04] [main/DEBUG] (FabricLoader|EntrypointTransformer) [EntrypointTransformer] Patched 3 classes.
[23:48:04] [main/DEBUG] (Fabric|Loader) [ClasspathModCandidateFinder] Adding dev classpath directories to classpath.
[23:48:04] [main/DEBUG] (FabricLoader) [Knot] Proposed file:/C:/Users/Bryant/Documents/IntelliJ%20Projects/NetheriteHorseArmorFabric/build/classes/java/main/ to classpath.
[23:48:04] [main/DEBUG] (Fabric|Loader) [ClasspathModCandidateFinder] Processing /C:/Users/Bryant/Documents/IntelliJ%20Projects/NetheriteHorseArmorFabric/.gradle/loom-cache/remapped_mods/fabric-particles-v1-0.2.1+0a6f2a7002@net.fabricmc.yarn.20w28a.20w28a+build.17-v2.jar
[23:48:04] [main/DEBUG] (Fabric|Loader) [ClasspathModCandidateFinder] Processing /C:/Users/Bryant/Documents/IntelliJ%20Projects/NetheriteHorseArmorFabric/.gradle/loom-cache/remapped_mods/fabric-rendering-data-attachment-v1-0.1.3+b7f9825d02@net.fabricmc.yarn.20w28a.20w28a+build.17-v2.jar
[23:48:04] [main/DEBUG] (Fabric|Loader) [ClasspathModCandidateFinder] Processing /C:/Users/Bryant/Documents/IntelliJ%20Projects/NetheriteHorseArmorFabric/.gradle/loom-cache/remapped_mods/fabric-rendering-v0-1.1.0+5341049002@net.fabricmc.yarn.20w28a.20w28a+build.17-v2.jar
[23:48:04] [ForkJoinPool-1-worker-25/DEBUG] (Fabric|Loader) Testing file:/C:/Users/Bryant/Documents/IntelliJ%20Projects/NetheriteHorseArmorFabric/.gradle/loom-cache/remapped_mods/fabric-particles-v1-0.2.1+0a6f2a7002@net.fabricmc.yarn.20w28a.20w28a+build.17-v2.jar
[23:48:04] [main/DEBUG] (Fabric|Loader) [ClasspathModCandidateFinder] Processing /C:/Users/Bryant/Documents/IntelliJ%20Projects/NetheriteHorseArmorFabric/.gradle/loom-cache/remapped_mods/fabric-resource-loader-v0-0.2.6+f41e209802@net.fabricmc.yarn.20w28a.20w28a+build.17-v2.jar
[23:48:04] [ForkJoinPool-1-worker-18/DEBUG] (Fabric|Loader) Testing file:/C:/Users/Bryant/Documents/IntelliJ%20Projects/NetheriteHorseArmorFabric/.gradle/loom-cache/remapped_mods/fabric-rendering-data-attachment-v1-0.1.3+b7f9825d02@net.fabricmc.yarn.20w28a.20w28a+build.17-v2.jar
[23:48:04] [ForkJoinPool-1-worker-11/DEBUG] (Fabric|Loader) Testing file:/C:/Users/Bryant/Documents/IntelliJ%20Projects/NetheriteHorseArmorFabric/.gradle/loom-cache/remapped_mods/fabric-rendering-v0-1.1.0+5341049002@net.fabricmc.yarn.20w28a.20w28a+build.17-v2.jar
[23:48:04] [main/DEBUG] (Fabric|Loader) [ClasspathModCandidateFinder] Processing /C:/Users/Bryant/Documents/IntelliJ%20Projects/NetheriteHorseArmorFabric/.gradle/loom-cache/remapped_mods/fabric-blockrenderlayer-v1-1.1.4+c6a8ea8902@net.fabricmc.yarn.20w28a.20w28a+build.17-v2.jar
[23:48:04] [ForkJoinPool-1-worker-4/DEBUG] (Fabric|Loader) Testing file:/C:/Users/Bryant/Documents/IntelliJ%20Projects/NetheriteHorseArmorFabric/.gradle/loom-cache/remapped_mods/fabric-resource-loader-v0-0.2.6+f41e209802@net.fabricmc.yarn.20w28a.20w28a+build.17-v2.jar
[23:48:04] [main/DEBUG] (Fabric|Loader) [ClasspathModCandidateFinder] Processing /C:/Users/Bryant/Documents/IntelliJ%20Projects/NetheriteHorseArmorFabric/.gradle/loom-cache/remapped_mods/fabric-networking-blockentity-v0-0.2.5+b50ffc7b02@net.fabricmc.yarn.20w28a.20w28a+build.17-v2.jar
[23:48:04] [ForkJoinPool-1-worker-29/DEBUG] (Fabric|Loader) Testing file:/C:/Users/Bryant/Documents/IntelliJ%20Projects/NetheriteHorseArmorFabric/.gradle/loom-cache/remapped_mods/fabric-blockrenderlayer-v1-1.1.4+c6a8ea8902@net.fabricmc.yarn.20w28a.20w28a+build.17-v2.jar
[23:48:04] [main/DEBUG] (Fabric|Loader) [ClasspathModCandidateFinder] Processing /C:/Users/Bryant/Documents/IntelliJ%20Projects/NetheriteHorseArmorFabric/.gradle/loom-cache/remapped_mods/fabric-item-api-v1-1.0.0+16acbe5b02@net.fabricmc.yarn.20w28a.20w28a+build.17-v2.jar
[23:48:04] [ForkJoinPool-1-worker-22/DEBUG] (Fabric|Loader) Testing file:/C:/Users/Bryant/Documents/IntelliJ%20Projects/NetheriteHorseArmorFabric/.gradle/loom-cache/remapped_mods/fabric-networking-blockentity-v0-0.2.5+b50ffc7b02@net.fabricmc.yarn.20w28a.20w28a+build.17-v2.jar
[23:48:04] [main/DEBUG] (Fabric|Loader) [ClasspathModCandidateFinder] Processing /C:/Users/Bryant/Documents/IntelliJ%20Projects/NetheriteHorseArmorFabric/.gradle/loom-cache/remapped_mods/fabric-containers-v0-0.1.8+045df74f02@net.fabricmc.yarn.20w28a.20w28a+build.17-v2.jar
[23:48:04] [main/DEBUG] (Fabric|Loader) [ClasspathModCandidateFinder] Processing /C:/Users/Bryant/Documents/IntelliJ%20Projects/NetheriteHorseArmorFabric/.gradle/loom-cache/remapped_mods/fabric-tool-attribute-api-v1-1.1.4+5794386e02@net.fabricmc.yarn.20w28a.20w28a+build.17-v2.jar
[23:48:04] [main/DEBUG] (Fabric|Loader) [ClasspathModCandidateFinder] Processing /C:/Users/Bryant/Documents/IntelliJ%20Projects/NetheriteHorseArmorFabric/.gradle/loom-cache/remapped_mods/fabric-mining-levels-v0-0.1.2+b764ce9902@net.fabricmc.yarn.20w28a.20w28a+build.17-v2.jar
[23:48:04] [main/DEBUG] (Fabric|Loader) [ClasspathModCandidateFinder] Processing /C:/Users/Bryant/Documents/IntelliJ%20Projects/NetheriteHorseArmorFabric/.gradle/loom-cache/remapped_mods/fabric-biomes-v1-0.2.7+059ea86602@net.fabricmc.yarn.20w28a.20w28a+build.17-v2.jar
[23:48:04] [main/DEBUG] (Fabric|Loader) [ClasspathModCandidateFinder] Processing /C:/Users/Bryant/Documents/IntelliJ%20Projects/NetheriteHorseArmorFabric/.gradle/loom-cache/remapped_mods/fabric-renderer-registries-v1-2.0.1+5a0f9a6002@net.fabricmc.yarn.20w28a.20w28a+build.17-v2.jar
[23:48:04] [main/DEBUG] (Fabric|Loader) [ClasspathModCandidateFinder] Processing /C:/Users/Bryant/Documents/IntelliJ%20Projects/NetheriteHorseArmorFabric/.gradle/loom-cache/remapped_mods/fabric-lifecycle-events-v1-1.0.0+b0993bc102@net.fabricmc.yarn.20w28a.20w28a+build.17-v2.jar
[23:48:04] [ForkJoinPool-1-worker-8/DEBUG] (Fabric|Loader) Testing file:/C:/Users/Bryant/Documents/IntelliJ%20Projects/NetheriteHorseArmorFabric/.gradle/loom-cache/remapped_mods/fabric-containers-v0-0.1.8+045df74f02@net.fabricmc.yarn.20w28a.20w28a+build.17-v2.jar
[23:48:04] [main/DEBUG] (Fabric|Loader) [ClasspathModCandidateFinder] Processing /C:/Users/Bryant/Documents/IntelliJ%20Projects/NetheriteHorseArmorFabric/.gradle/loom-cache/remapped_mods/fabric-loot-tables-v1-0.1.10+059ea86602@net.fabricmc.yarn.20w28a.20w28a+build.17-v2.jar
[23:48:04] [ForkJoinPool-1-worker-15/DEBUG] (Fabric|Loader) Testing file:/C:/Users/Bryant/Documents/IntelliJ%20Projects/NetheriteHorseArmorFabric/.gradle/loom-cache/remapped_mods/fabric-item-api-v1-1.0.0+16acbe5b02@net.fabricmc.yarn.20w28a.20w28a+build.17-v2.jar
[23:48:04] [main/DEBUG] (Fabric|Loader) [ClasspathModCandidateFinder] Processing /C:/Users/Bryant/Documents/IntelliJ%20Projects/NetheriteHorseArmorFabric/.gradle/loom-cache/remapped_mods/fabric-keybindings-v0-0.2.0+3fa9f7c502@net.fabricmc.yarn.20w28a.20w28a+build.17-v2.jar
[23:48:04] [ForkJoinPool-1-worker-26/DEBUG] (Fabric|Loader) Testing file:/C:/Users/Bryant/Documents/IntelliJ%20Projects/NetheriteHorseArmorFabric/.gradle/loom-cache/remapped_mods/fabric-mining-levels-v0-0.1.2+b764ce9902@net.fabricmc.yarn.20w28a.20w28a+build.17-v2.jar
[23:48:04] [ForkJoinPool-1-worker-1/DEBUG] (Fabric|Loader) Testing file:/C:/Users/Bryant/Documents/IntelliJ%20Projects/NetheriteHorseArmorFabric/.gradle/loom-cache/remapped_mods/fabric-tool-attribute-api-v1-1.1.4+5794386e02@net.fabricmc.yarn.20w28a.20w28a+build.17-v2.jar
[23:48:04] [ForkJoinPool-1-worker-19/DEBUG] (Fabric|Loader) Testing file:/C:/Users/Bryant/Documents/IntelliJ%20Projects/NetheriteHorseArmorFabric/.gradle/loom-cache/remapped_mods/fabric-biomes-v1-0.2.7+059ea86602@net.fabricmc.yarn.20w28a.20w28a+build.17-v2.jar
[23:48:04] [ForkJoinPool-1-worker-12/DEBUG] (Fabric|Loader) Testing file:/C:/Users/Bryant/Documents/IntelliJ%20Projects/NetheriteHorseArmorFabric/.gradle/loom-cache/remapped_mods/fabric-renderer-registries-v1-2.0.1+5a0f9a6002@net.fabricmc.yarn.20w28a.20w28a+build.17-v2.jar
[23:48:04] [ForkJoinPool-1-worker-5/DEBUG] (Fabric|Loader) Testing file:/C:/Users/Bryant/Documents/IntelliJ%20Projects/NetheriteHorseArmorFabric/.gradle/loom-cache/remapped_mods/fabric-lifecycle-events-v1-1.0.0+b0993bc102@net.fabricmc.yarn.20w28a.20w28a+build.17-v2.jar
[23:48:04] [ForkJoinPool-1-worker-30/DEBUG] (Fabric|Loader) Testing file:/C:/Users/Bryant/Documents/IntelliJ%20Projects/NetheriteHorseArmorFabric/.gradle/loom-cache/remapped_mods/fabric-loot-tables-v1-0.1.10+059ea86602@net.fabricmc.yarn.20w28a.20w28a+build.17-v2.jar
[23:48:04] [ForkJoinPool-1-worker-23/DEBUG] (Fabric|Loader) Testing file:/C:/Users/Bryant/Documents/IntelliJ%20Projects/NetheriteHorseArmorFabric/.gradle/loom-cache/remapped_mods/fabric-keybindings-v0-0.2.0+3fa9f7c502@net.fabricmc.yarn.20w28a.20w28a+build.17-v2.jar
[23:48:04] [main/DEBUG] (Fabric|Loader) [ClasspathModCandidateFinder] Processing /C:/Users/Bryant/Documents/IntelliJ%20Projects/NetheriteHorseArmorFabric/.gradle/loom-cache/remapped_mods/fabric-models-v0-0.1.0+dfdb52d602@net.fabricmc.yarn.20w28a.20w28a+build.17-v2.jar
[23:48:04] [main/DEBUG] (Fabric|Loader) [ClasspathModCandidateFinder] Processing /C:/Users/Bryant/Documents/IntelliJ%20Projects/NetheriteHorseArmorFabric/.gradle/loom-cache/remapped_mods/fabric-loader-0.8.9+build.203@net.fabricmc.yarn.20w28a.20w28a+build.17-v2.jar
[23:48:04] [ForkJoinPool-1-worker-16/DEBUG] (Fabric|Loader) Testing file:/C:/Users/Bryant/Documents/IntelliJ%20Projects/NetheriteHorseArmorFabric/.gradle/loom-cache/remapped_mods/fabric-models-v0-0.1.0+dfdb52d602@net.fabricmc.yarn.20w28a.20w28a+build.17-v2.jar
[23:48:04] [main/DEBUG] (Fabric|Loader) [ClasspathModCandidateFinder] Processing /C:/Users/Bryant/Documents/IntelliJ%20Projects/NetheriteHorseArmorFabric/.gradle/loom-cache/remapped_mods/fabric-object-builders-v0-0.6.0+da175ad602@net.fabricmc.yarn.20w28a.20w28a+build.17-v2.jar
[23:48:04] [ForkJoinPool-1-worker-9/DEBUG] (Fabric|Loader) Testing file:/C:/Users/Bryant/Documents/IntelliJ%20Projects/NetheriteHorseArmorFabric/.gradle/loom-cache/remapped_mods/fabric-loader-0.8.9+build.203@net.fabricmc.yarn.20w28a.20w28a+build.17-v2.jar
[23:48:04] [main/DEBUG] (Fabric|Loader) [ClasspathModCandidateFinder] Processing /C:/Users/Bryant/Documents/IntelliJ%20Projects/NetheriteHorseArmorFabric/.gradle/loom-cache/remapped_mods/fabric-networking-v0-0.1.10+e00ecb5f02@net.fabricmc.yarn.20w28a.20w28a+build.17-v2.jar
[23:48:04] [ForkJoinPool-1-worker-2/DEBUG] (Fabric|Loader) Testing file:/C:/Users/Bryant/Documents/IntelliJ%20Projects/NetheriteHorseArmorFabric/.gradle/loom-cache/remapped_mods/fabric-object-builders-v0-0.6.0+da175ad602@net.fabricmc.yarn.20w28a.20w28a+build.17-v2.jar
[23:48:04] [main/DEBUG] (Fabric|Loader) [ClasspathModCandidateFinder] Processing /C:/Users/Bryant/Documents/IntelliJ%20Projects/NetheriteHorseArmorFabric/.gradle/loom-cache/remapped_mods/fabric-renderer-api-v1-0.2.13+eae12eb802@net.fabricmc.yarn.20w28a.20w28a+build.17-v2.jar
[23:48:04] [ForkJoinPool-1-worker-27/DEBUG] (Fabric|Loader) Testing file:/C:/Users/Bryant/Documents/IntelliJ%20Projects/NetheriteHorseArmorFabric/.gradle/loom-cache/remapped_mods/fabric-networking-v0-0.1.10+e00ecb5f02@net.fabricmc.yarn.20w28a.20w28a+build.17-v2.jar
[23:48:04] [main/DEBUG] (Fabric|Loader) [ClasspathModCandidateFinder] Processing /C:/Users/Bryant/Documents/IntelliJ%20Projects/NetheriteHorseArmorFabric/.gradle/loom-cache/remapped_mods/fabric-textures-v0-1.0.4+eae12eb802@net.fabricmc.yarn.20w28a.20w28a+build.17-v2.jar
[23:48:04] [ForkJoinPool-1-worker-20/DEBUG] (Fabric|Loader) Testing file:/C:/Users/Bryant/Documents/IntelliJ%20Projects/NetheriteHorseArmorFabric/.gradle/loom-cache/remapped_mods/fabric-renderer-api-v1-0.2.13+eae12eb802@net.fabricmc.yarn.20w28a.20w28a+build.17-v2.jar
[23:48:04] [main/DEBUG] (Fabric|Loader) [ClasspathModCandidateFinder] Processing /C:/Users/Bryant/Documents/IntelliJ%20Projects/NetheriteHorseArmorFabric/.gradle/loom-cache/remapped_mods/fabric-screen-handler-api-v1-1.0.1+f362c86e02@net.fabricmc.yarn.20w28a.20w28a+build.17-v2.jar
[23:48:04] [ForkJoinPool-1-worker-13/DEBUG] (Fabric|Loader) Testing file:/C:/Users/Bryant/Documents/IntelliJ%20Projects/NetheriteHorseArmorFabric/.gradle/loom-cache/remapped_mods/fabric-textures-v0-1.0.4+eae12eb802@net.fabricmc.yarn.20w28a.20w28a+build.17-v2.jar
[23:48:04] [main/DEBUG] (Fabric|Loader) [ClasspathModCandidateFinder] Processing /C:/Users/Bryant/Documents/IntelliJ%20Projects/NetheriteHorseArmorFabric/.gradle/loom-cache/remapped_mods/fabric-dimensions-v1-1.0.0+a71b305302@net.fabricmc.yarn.20w28a.20w28a+build.17-v2.jar
[23:48:04] [ForkJoinPool-1-worker-6/DEBUG] (Fabric|Loader) Testing file:/C:/Users/Bryant/Documents/IntelliJ%20Projects/NetheriteHorseArmorFabric/.gradle/loom-cache/remapped_mods/fabric-screen-handler-api-v1-1.0.1+f362c86e02@net.fabricmc.yarn.20w28a.20w28a+build.17-v2.jar
[23:48:04] [main/DEBUG] (Fabric|Loader) [ClasspathModCandidateFinder] Processing /C:/Users/Bryant/Documents/IntelliJ%20Projects/NetheriteHorseArmorFabric/.gradle/loom-cache/remapped_mods/fabric-events-lifecycle-v0-0.2.0+16acbe5b02@net.fabricmc.yarn.20w28a.20w28a+build.17-v2.jar
[23:48:04] [ForkJoinPool-1-worker-31/DEBUG] (Fabric|Loader) Testing file:/C:/Users/Bryant/Documents/IntelliJ%20Projects/NetheriteHorseArmorFabric/.gradle/loom-cache/remapped_mods/fabric-dimensions-v1-1.0.0+a71b305302@net.fabricmc.yarn.20w28a.20w28a+build.17-v2.jar
[23:48:04] [main/DEBUG] (Fabric|Loader) [ClasspathModCandidateFinder] Processing /C:/Users/Bryant/Documents/IntelliJ%20Projects/NetheriteHorseArmorFabric/.gradle/loom-cache/remapped_mods/fabric-api-base-0.1.3+12a8474c02@net.fabricmc.yarn.20w28a.20w28a+build.17-v2.jar
[23:48:04] [main/DEBUG] (Fabric|Loader) [ClasspathModCandidateFinder] Processing /C:/Users/Bryant/Documents/IntelliJ%20Projects/NetheriteHorseArmorFabric/.gradle/loom-cache/remapped_mods/fabric-key-binding-api-v1-1.0.0+e16a977402@net.fabricmc.yarn.20w28a.20w28a+build.17-v2.jar
[23:48:04] [main/DEBUG] (Fabric|Loader) [ClasspathModCandidateFinder] Processing /C:/Users/Bryant/Documents/IntelliJ%20Projects/NetheriteHorseArmorFabric/.gradle/loom-cache/remapped_mods/fabric-renderer-indigo-0.3.2+4d66bed502@net.fabricmc.yarn.20w28a.20w28a+build.17-v2.jar
[23:48:04] [main/DEBUG] (Fabric|Loader) [ClasspathModCandidateFinder] Processing /C:/Users/Bryant/Documents/IntelliJ%20Projects/NetheriteHorseArmorFabric/.gradle/loom-cache/remapped_mods/fabric-api-0.14.1+build.372-1.16@net.fabricmc.yarn.20w28a.20w28a+build.17-v2.jar
[23:48:04] [main/DEBUG] (Fabric|Loader) [ClasspathModCandidateFinder] Processing /C:/Users/Bryant/Documents/IntelliJ%20Projects/NetheriteHorseArmorFabric/.gradle/loom-cache/remapped_mods/fabric-command-api-v1-1.0.8+5ce5339802@net.fabricmc.yarn.20w28a.20w28a+build.17-v2.jar
[23:48:04] [main/DEBUG] (Fabric|Loader) [ClasspathModCandidateFinder] Processing /C:/Users/Bryant/Documents/IntelliJ%20Projects/NetheriteHorseArmorFabric/.gradle/loom-cache/remapped_mods/fabric-rendering-fluids-v1-0.1.8+b7084faa02@net.fabricmc.yarn.20w28a.20w28a+build.17-v2.jar
[23:48:04] [main/DEBUG] (Fabric|Loader) [ClasspathModCandidateFinder] Processing /C:/Users/Bryant/Documents/IntelliJ%20Projects/NetheriteHorseArmorFabric/.gradle/loom-cache/remapped_mods/fabric-tag-extensions-v0-0.2.7+a4c57d8e02@net.fabricmc.yarn.20w28a.20w28a+build.17-v2.jar
[23:48:04] [main/DEBUG] (Fabric|Loader) [ClasspathModCandidateFinder] Processing /C:/Users/Bryant/Documents/IntelliJ%20Projects/NetheriteHorseArmorFabric/.gradle/loom-cache/remapped_mods/fabric-item-groups-v0-0.2.0+438f963602@net.fabricmc.yarn.20w28a.20w28a+build.17-v2.jar
[23:48:04] [main/DEBUG] (Fabric|Loader) [ClasspathModCandidateFinder] Processing /C:/Users/Bryant/Documents/IntelliJ%20Projects/NetheriteHorseArmorFabric/.gradle/loom-cache/remapped_mods/fabric-content-registries-v0-0.1.9+059ea86602@net.fabricmc.yarn.20w28a.20w28a+build.17-v2.jar
[23:48:04] [main/DEBUG] (Fabric|Loader) [ClasspathModCandidateFinder] Processing /C:/Users/Bryant/Documents/IntelliJ%20Projects/NetheriteHorseArmorFabric/.gradle/loom-cache/remapped_mods/fabric-commands-v0-0.2.0+52d3083602@net.fabricmc.yarn.20w28a.20w28a+build.17-v2.jar
[23:48:04] [main/DEBUG] (Fabric|Loader) [ClasspathModCandidateFinder] Processing /C:/Users/Bryant/Documents/IntelliJ%20Projects/NetheriteHorseArmorFabric/.gradle/loom-cache/remapped_mods/fabric-rendering-v1-1.1.2+346247d702@net.fabricmc.yarn.20w28a.20w28a+build.17-v2.jar
[23:48:04] [main/DEBUG] (Fabric|Loader) [ClasspathModCandidateFinder] Processing /C:/Users/Bryant/Documents/IntelliJ%20Projects/NetheriteHorseArmorFabric/.gradle/loom-cache/remapped_mods/fabric-object-builder-api-v1-1.5.5+e00ecb5f02@net.fabricmc.yarn.20w28a.20w28a+build.17-v2.jar
[23:48:04] [main/DEBUG] (Fabric|Loader) [ClasspathModCandidateFinder] Processing /C:/Users/Bryant/Documents/IntelliJ%20Projects/NetheriteHorseArmorFabric/.gradle/loom-cache/remapped_mods/fabric-crash-report-info-v1-0.1.2+b7f9825d02@net.fabricmc.yarn.20w28a.20w28a+build.17-v2.jar
[23:48:04] [main/DEBUG] (Fabric|Loader) [ClasspathModCandidateFinder] Processing /C:/Users/Bryant/Documents/IntelliJ%20Projects/NetheriteHorseArmorFabric/build/resources/main/
[23:48:04] [main/DEBUG] (Fabric|Loader) [ClasspathModCandidateFinder] Processing /C:/Users/Bryant/Documents/IntelliJ%20Projects/NetheriteHorseArmorFabric/.gradle/loom-cache/remapped_mods/fabric-events-interaction-v0-0.3.3+7066030f02@net.fabricmc.yarn.20w28a.20w28a+build.17-v2.jar
[23:48:04] [main/DEBUG] (Fabric|Loader) [ClasspathModCandidateFinder] Processing /C:/Users/Bryant/Documents/IntelliJ%20Projects/NetheriteHorseArmorFabric/.gradle/loom-cache/remapped_mods/fabric-registry-sync-v0-0.3.8+7dba2d6c02@net.fabricmc.yarn.20w28a.20w28a+build.17-v2.jar
[23:48:04] [ForkJoinPool-1-worker-22/DEBUG] (Fabric|Loader) Adding file:/C:/Users/Bryant/Documents/IntelliJ%20Projects/NetheriteHorseArmorFabric/.gradle/loom-cache/remapped_mods/fabric-networking-blockentity-v0-0.2.5+b50ffc7b02@net.fabricmc.yarn.20w28a.20w28a+build.17-v2.jar as ModCandidate{fabric-networking-blockentity-v0@0.2.5+b50ffc7b02}
[23:48:04] [ForkJoinPool-1-worker-31/DEBUG] (Fabric|Loader) Adding file:/C:/Users/Bryant/Documents/IntelliJ%20Projects/NetheriteHorseArmorFabric/.gradle/loom-cache/remapped_mods/fabric-dimensions-v1-1.0.0+a71b305302@net.fabricmc.yarn.20w28a.20w28a+build.17-v2.jar as ModCandidate{fabric-dimensions-v1@1.0.0+a71b305302}
[23:48:04] [ForkJoinPool-1-worker-27/DEBUG] (Fabric|Loader) Adding file:/C:/Users/Bryant/Documents/IntelliJ%20Projects/NetheriteHorseArmorFabric/.gradle/loom-cache/remapped_mods/fabric-networking-v0-0.1.10+e00ecb5f02@net.fabricmc.yarn.20w28a.20w28a+build.17-v2.jar as ModCandidate{fabric-networking-v0@0.1.10+e00ecb5f02}
[23:48:04] [ForkJoinPool-1-worker-6/DEBUG] (Fabric|Loader) Adding file:/C:/Users/Bryant/Documents/IntelliJ%20Projects/NetheriteHorseArmorFabric/.gradle/loom-cache/remapped_mods/fabric-screen-handler-api-v1-1.0.1+f362c86e02@net.fabricmc.yarn.20w28a.20w28a+build.17-v2.jar as ModCandidate{fabric-screen-handler-api-v1@1.0.1+f362c86e02}
[23:48:04] [ForkJoinPool-1-worker-20/DEBUG] (Fabric|Loader) Adding file:/C:/Users/Bryant/Documents/IntelliJ%20Projects/NetheriteHorseArmorFabric/.gradle/loom-cache/remapped_mods/fabric-renderer-api-v1-0.2.13+eae12eb802@net.fabricmc.yarn.20w28a.20w28a+build.17-v2.jar as ModCandidate{fabric-renderer-api-v1@0.2.13+eae12eb802}
[23:48:04] [ForkJoinPool-1-worker-4/DEBUG] (Fabric|Loader) Adding file:/C:/Users/Bryant/Documents/IntelliJ%20Projects/NetheriteHorseArmorFabric/.gradle/loom-cache/remapped_mods/fabric-resource-loader-v0-0.2.6+f41e209802@net.fabricmc.yarn.20w28a.20w28a+build.17-v2.jar as ModCandidate{fabric-resource-loader-v0@0.2.6+f41e209802}
[23:48:04] [ForkJoinPool-1-worker-9/DEBUG] (Fabric|Loader) Adding file:/C:/Users/Bryant/Documents/IntelliJ%20Projects/NetheriteHorseArmorFabric/.gradle/loom-cache/remapped_mods/fabric-loader-0.8.9+build.203@net.fabricmc.yarn.20w28a.20w28a+build.17-v2.jar as ModCandidate{fabricloader@0.8.9+build.203}
[23:48:04] [ForkJoinPool-1-worker-13/DEBUG] (Fabric|Loader) Adding file:/C:/Users/Bryant/Documents/IntelliJ%20Projects/NetheriteHorseArmorFabric/.gradle/loom-cache/remapped_mods/fabric-textures-v0-1.0.4+eae12eb802@net.fabricmc.yarn.20w28a.20w28a+build.17-v2.jar as ModCandidate{fabric-textures-v0@1.0.4+eae12eb802}
[23:48:04] [ForkJoinPool-1-worker-18/DEBUG] (Fabric|Loader) Adding file:/C:/Users/Bryant/Documents/IntelliJ%20Projects/NetheriteHorseArmorFabric/.gradle/loom-cache/remapped_mods/fabric-rendering-data-attachment-v1-0.1.3+b7f9825d02@net.fabricmc.yarn.20w28a.20w28a+build.17-v2.jar as ModCandidate{fabric-rendering-data-attachment-v1@0.1.3+b7f9825d02}
[23:48:04] [ForkJoinPool-1-worker-25/DEBUG] (Fabric|Loader) Adding file:/C:/Users/Bryant/Documents/IntelliJ%20Projects/NetheriteHorseArmorFabric/.gradle/loom-cache/remapped_mods/fabric-particles-v1-0.2.1+0a6f2a7002@net.fabricmc.yarn.20w28a.20w28a+build.17-v2.jar as ModCandidate{fabric-particles-v1@0.2.1+0a6f2a7002}
[23:48:04] [ForkJoinPool-1-worker-2/DEBUG] (Fabric|Loader) Adding file:/C:/Users/Bryant/Documents/IntelliJ%20Projects/NetheriteHorseArmorFabric/.gradle/loom-cache/remapped_mods/fabric-object-builders-v0-0.6.0+da175ad602@net.fabricmc.yarn.20w28a.20w28a+build.17-v2.jar as ModCandidate{fabric-object-builders-v0@0.6.0+da175ad602}
[23:48:04] [ForkJoinPool-1-worker-29/DEBUG] (Fabric|Loader) Adding file:/C:/Users/Bryant/Documents/IntelliJ%20Projects/NetheriteHorseArmorFabric/.gradle/loom-cache/remapped_mods/fabric-blockrenderlayer-v1-1.1.4+c6a8ea8902@net.fabricmc.yarn.20w28a.20w28a+build.17-v2.jar as ModCandidate{fabric-blockrenderlayer-v1@1.1.4+c6a8ea8902}
[23:48:04] [ForkJoinPool-1-worker-11/DEBUG] (Fabric|Loader) Adding file:/C:/Users/Bryant/Documents/IntelliJ%20Projects/NetheriteHorseArmorFabric/.gradle/loom-cache/remapped_mods/fabric-rendering-v0-1.1.0+5341049002@net.fabricmc.yarn.20w28a.20w28a+build.17-v2.jar as ModCandidate{fabric-rendering-v0@1.1.0+5341049002}
[23:48:04] [ForkJoinPool-1-worker-31/DEBUG] (Fabric|Loader) Searching for nested JARs in ModCandidate{fabric-dimensions-v1@1.0.0+a71b305302}
[23:48:04] [ForkJoinPool-1-worker-22/DEBUG] (Fabric|Loader) Searching for nested JARs in ModCandidate{fabric-networking-blockentity-v0@0.2.5+b50ffc7b02}
[23:48:04] [ForkJoinPool-1-worker-20/DEBUG] (Fabric|Loader) Searching for nested JARs in ModCandidate{fabric-renderer-api-v1@0.2.13+eae12eb802}
[23:48:04] [ForkJoinPool-1-worker-27/DEBUG] (Fabric|Loader) Searching for nested JARs in ModCandidate{fabric-networking-v0@0.1.10+e00ecb5f02}
[23:48:04] [ForkJoinPool-1-worker-13/DEBUG] (Fabric|Loader) Searching for nested JARs in ModCandidate{fabric-textures-v0@1.0.4+eae12eb802}
[23:48:04] [ForkJoinPool-1-worker-6/DEBUG] (Fabric|Loader) Searching for nested JARs in ModCandidate{fabric-screen-handler-api-v1@1.0.1+f362c86e02}
[23:48:04] [ForkJoinPool-1-worker-9/DEBUG] (Fabric|Loader) Searching for nested JARs in ModCandidate{fabricloader@0.8.9+build.203}
[23:48:04] [ForkJoinPool-1-worker-2/DEBUG] (Fabric|Loader) Searching for nested JARs in ModCandidate{fabric-object-builders-v0@0.6.0+da175ad602}
[23:48:04] [ForkJoinPool-1-worker-29/DEBUG] (Fabric|Loader) Searching for nested JARs in ModCandidate{fabric-blockrenderlayer-v1@1.1.4+c6a8ea8902}
[23:48:04] [ForkJoinPool-1-worker-22/DEBUG] (Fabric|Loader) Testing file:/C:/Users/Bryant/Documents/IntelliJ%20Projects/NetheriteHorseArmorFabric/.gradle/loom-cache/remapped_mods/fabric-events-lifecycle-v0-0.2.0+16acbe5b02@net.fabricmc.yarn.20w28a.20w28a+build.17-v2.jar
[23:48:04] [ForkJoinPool-1-worker-31/DEBUG] (Fabric|Loader) Testing file:/C:/Users/Bryant/Documents/IntelliJ%20Projects/NetheriteHorseArmorFabric/.gradle/loom-cache/remapped_mods/fabric-api-base-0.1.3+12a8474c02@net.fabricmc.yarn.20w28a.20w28a+build.17-v2.jar
[23:48:04] [ForkJoinPool-1-worker-27/DEBUG] (Fabric|Loader) Testing file:/C:/Users/Bryant/Documents/IntelliJ%20Projects/NetheriteHorseArmorFabric/.gradle/loom-cache/remapped_mods/fabric-key-binding-api-v1-1.0.0+e16a977402@net.fabricmc.yarn.20w28a.20w28a+build.17-v2.jar
[23:48:04] [ForkJoinPool-1-worker-29/DEBUG] (Fabric|Loader) Testing file:/C:/Users/Bryant/Documents/IntelliJ%20Projects/NetheriteHorseArmorFabric/.gradle/loom-cache/remapped_mods/fabric-renderer-indigo-0.3.2+4d66bed502@net.fabricmc.yarn.20w28a.20w28a+build.17-v2.jar
[23:48:04] [ForkJoinPool-1-worker-18/DEBUG] (Fabric|Loader) Searching for nested JARs in ModCandidate{fabric-rendering-data-attachment-v1@0.1.3+b7f9825d02}
[23:48:04] [ForkJoinPool-1-worker-20/DEBUG] (Fabric|Loader) Testing file:/C:/Users/Bryant/Documents/IntelliJ%20Projects/NetheriteHorseArmorFabric/.gradle/loom-cache/remapped_mods/fabric-api-0.14.1+build.372-1.16@net.fabricmc.yarn.20w28a.20w28a+build.17-v2.jar
[23:48:04] [ForkJoinPool-1-worker-9/DEBUG] (Fabric|Loader) Testing file:/C:/Users/Bryant/Documents/IntelliJ%20Projects/NetheriteHorseArmorFabric/.gradle/loom-cache/remapped_mods/fabric-command-api-v1-1.0.8+5ce5339802@net.fabricmc.yarn.20w28a.20w28a+build.17-v2.jar
[23:48:04] [ForkJoinPool-1-worker-2/DEBUG] (Fabric|Loader) Testing file:/C:/Users/Bryant/Documents/IntelliJ%20Projects/NetheriteHorseArmorFabric/.gradle/loom-cache/remapped_mods/fabric-rendering-fluids-v1-0.1.8+b7084faa02@net.fabricmc.yarn.20w28a.20w28a+build.17-v2.jar
[23:48:04] [ForkJoinPool-1-worker-13/DEBUG] (Fabric|Loader) Testing file:/C:/Users/Bryant/Documents/IntelliJ%20Projects/NetheriteHorseArmorFabric/.gradle/loom-cache/remapped_mods/fabric-tag-extensions-v0-0.2.7+a4c57d8e02@net.fabricmc.yarn.20w28a.20w28a+build.17-v2.jar
[23:48:04] [ForkJoinPool-1-worker-6/DEBUG] (Fabric|Loader) Testing file:/C:/Users/Bryant/Documents/IntelliJ%20Projects/NetheriteHorseArmorFabric/.gradle/loom-cache/remapped_mods/fabric-item-groups-v0-0.2.0+438f963602@net.fabricmc.yarn.20w28a.20w28a+build.17-v2.jar
[23:48:04] [ForkJoinPool-1-worker-18/DEBUG] (Fabric|Loader) Testing file:/C:/Users/Bryant/Documents/IntelliJ%20Projects/NetheriteHorseArmorFabric/.gradle/loom-cache/remapped_mods/fabric-content-registries-v0-0.1.9+059ea86602@net.fabricmc.yarn.20w28a.20w28a+build.17-v2.jar
[23:48:04] [ForkJoinPool-1-worker-4/DEBUG] (Fabric|Loader) Searching for nested JARs in ModCandidate{fabric-resource-loader-v0@0.2.6+f41e209802}
[23:48:04] [ForkJoinPool-1-worker-25/DEBUG] (Fabric|Loader) Searching for nested JARs in ModCandidate{fabric-particles-v1@0.2.1+0a6f2a7002}
[23:48:04] [ForkJoinPool-1-worker-4/DEBUG] (Fabric|Loader) Testing file:/C:/Users/Bryant/Documents/IntelliJ%20Projects/NetheriteHorseArmorFabric/.gradle/loom-cache/remapped_mods/fabric-commands-v0-0.2.0+52d3083602@net.fabricmc.yarn.20w28a.20w28a+build.17-v2.jar
[23:48:04] [ForkJoinPool-1-worker-11/DEBUG] (Fabric|Loader) Searching for nested JARs in ModCandidate{fabric-rendering-v0@1.1.0+5341049002}
[23:48:04] [ForkJoinPool-1-worker-25/DEBUG] (Fabric|Loader) Testing file:/C:/Users/Bryant/Documents/IntelliJ%20Projects/NetheriteHorseArmorFabric/.gradle/loom-cache/remapped_mods/fabric-object-builder-api-v1-1.5.5+e00ecb5f02@net.fabricmc.yarn.20w28a.20w28a+build.17-v2.jar
[23:48:04] [ForkJoinPool-1-worker-11/DEBUG] (Fabric|Loader) Testing file:/C:/Users/Bryant/Documents/IntelliJ%20Projects/NetheriteHorseArmorFabric/.gradle/loom-cache/remapped_mods/fabric-rendering-v1-1.1.2+346247d702@net.fabricmc.yarn.20w28a.20w28a+build.17-v2.jar
[23:48:04] [ForkJoinPool-1-worker-16/DEBUG] (Fabric|Loader) Adding file:/C:/Users/Bryant/Documents/IntelliJ%20Projects/NetheriteHorseArmorFabric/.gradle/loom-cache/remapped_mods/fabric-models-v0-0.1.0+dfdb52d602@net.fabricmc.yarn.20w28a.20w28a+build.17-v2.jar as ModCandidate{fabric-models-v0@0.1.0+dfdb52d602}
[23:48:04] [ForkJoinPool-1-worker-16/DEBUG] (Fabric|Loader) Searching for nested JARs in ModCandidate{fabric-models-v0@0.1.0+dfdb52d602}
[23:48:04] [ForkJoinPool-1-worker-16/DEBUG] (Fabric|Loader) Testing file:/C:/Users/Bryant/Documents/IntelliJ%20Projects/NetheriteHorseArmorFabric/.gradle/loom-cache/remapped_mods/fabric-crash-report-info-v1-0.1.2+b7f9825d02@net.fabricmc.yarn.20w28a.20w28a+build.17-v2.jar
[23:48:04] [ForkJoinPool-1-worker-12/DEBUG] (Fabric|Loader) Adding file:/C:/Users/Bryant/Documents/IntelliJ%20Projects/NetheriteHorseArmorFabric/.gradle/loom-cache/remapped_mods/fabric-renderer-registries-v1-2.0.1+5a0f9a6002@net.fabricmc.yarn.20w28a.20w28a+build.17-v2.jar as ModCandidate{fabric-renderer-registries-v1@2.0.1+5a0f9a6002}
[23:48:04] [ForkJoinPool-1-worker-12/DEBUG] (Fabric|Loader) Searching for nested JARs in ModCandidate{fabric-renderer-registries-v1@2.0.1+5a0f9a6002}
[23:48:04] [ForkJoinPool-1-worker-12/DEBUG] (Fabric|Loader) Testing file:/C:/Users/Bryant/Documents/IntelliJ%20Projects/NetheriteHorseArmorFabric/build/resources/main/
[23:48:04] [ForkJoinPool-1-worker-12/DEBUG] (Fabric|Loader) Adding file:/C:/Users/Bryant/Documents/IntelliJ%20Projects/NetheriteHorseArmorFabric/build/resources/main/ as ModCandidate{netheritehorsearmor@0.1.1}
[23:48:04] [ForkJoinPool-1-worker-12/DEBUG] (Fabric|Loader) Searching for nested JARs in ModCandidate{netheritehorsearmor@0.1.1}
[23:48:04] [ForkJoinPool-1-worker-30/DEBUG] (Fabric|Loader) Adding file:/C:/Users/Bryant/Documents/IntelliJ%20Projects/NetheriteHorseArmorFabric/.gradle/loom-cache/remapped_mods/fabric-loot-tables-v1-0.1.10+059ea86602@net.fabricmc.yarn.20w28a.20w28a+build.17-v2.jar as ModCandidate{fabric-loot-tables-v1@0.1.10+059ea86602}
[23:48:04] [ForkJoinPool-1-worker-12/DEBUG] (Fabric|Loader) Testing file:/C:/Users/Bryant/Documents/IntelliJ%20Projects/NetheriteHorseArmorFabric/.gradle/loom-cache/remapped_mods/fabric-events-interaction-v0-0.3.3+7066030f02@net.fabricmc.yarn.20w28a.20w28a+build.17-v2.jar
[23:48:04] [ForkJoinPool-1-worker-30/DEBUG] (Fabric|Loader) Searching for nested JARs in ModCandidate{fabric-loot-tables-v1@0.1.10+059ea86602}
[23:48:04] [ForkJoinPool-1-worker-30/DEBUG] (Fabric|Loader) Testing file:/C:/Users/Bryant/Documents/IntelliJ%20Projects/NetheriteHorseArmorFabric/.gradle/loom-cache/remapped_mods/fabric-registry-sync-v0-0.3.8+7dba2d6c02@net.fabricmc.yarn.20w28a.20w28a+build.17-v2.jar
[23:48:04] [ForkJoinPool-1-worker-23/DEBUG] (Fabric|Loader) Adding file:/C:/Users/Bryant/Documents/IntelliJ%20Projects/NetheriteHorseArmorFabric/.gradle/loom-cache/remapped_mods/fabric-keybindings-v0-0.2.0+3fa9f7c502@net.fabricmc.yarn.20w28a.20w28a+build.17-v2.jar as ModCandidate{fabric-keybindings-v0@0.2.0+3fa9f7c502}
[23:48:04] [ForkJoinPool-1-worker-23/DEBUG] (Fabric|Loader) Searching for nested JARs in ModCandidate{fabric-keybindings-v0@0.2.0+3fa9f7c502}
[23:48:04] [ForkJoinPool-1-worker-26/DEBUG] (Fabric|Loader) Adding file:/C:/Users/Bryant/Documents/IntelliJ%20Projects/NetheriteHorseArmorFabric/.gradle/loom-cache/remapped_mods/fabric-mining-levels-v0-0.1.2+b764ce9902@net.fabricmc.yarn.20w28a.20w28a+build.17-v2.jar as ModCandidate{fabric-mining-levels-v0@0.1.2+b764ce9902}
[23:48:04] [ForkJoinPool-1-worker-26/DEBUG] (Fabric|Loader) Searching for nested JARs in ModCandidate{fabric-mining-levels-v0@0.1.2+b764ce9902}
[23:48:04] [ForkJoinPool-1-worker-5/DEBUG] (Fabric|Loader) Adding file:/C:/Users/Bryant/Documents/IntelliJ%20Projects/NetheriteHorseArmorFabric/.gradle/loom-cache/remapped_mods/fabric-lifecycle-events-v1-1.0.0+b0993bc102@net.fabricmc.yarn.20w28a.20w28a+build.17-v2.jar as ModCandidate{fabric-lifecycle-events-v1@1.0.0+b0993bc102}
[23:48:04] [ForkJoinPool-1-worker-5/DEBUG] (Fabric|Loader) Searching for nested JARs in ModCandidate{fabric-lifecycle-events-v1@1.0.0+b0993bc102}
[23:48:04] [ForkJoinPool-1-worker-19/DEBUG] (Fabric|Loader) Adding file:/C:/Users/Bryant/Documents/IntelliJ%20Projects/NetheriteHorseArmorFabric/.gradle/loom-cache/remapped_mods/fabric-biomes-v1-0.2.7+059ea86602@net.fabricmc.yarn.20w28a.20w28a+build.17-v2.jar as ModCandidate{fabric-biomes-v1@0.2.7+059ea86602}
[23:48:04] [ForkJoinPool-1-worker-19/DEBUG] (Fabric|Loader) Searching for nested JARs in ModCandidate{fabric-biomes-v1@0.2.7+059ea86602}
[23:48:04] [ForkJoinPool-1-worker-1/DEBUG] (Fabric|Loader) Adding file:/C:/Users/Bryant/Documents/IntelliJ%20Projects/NetheriteHorseArmorFabric/.gradle/loom-cache/remapped_mods/fabric-tool-attribute-api-v1-1.1.4+5794386e02@net.fabricmc.yarn.20w28a.20w28a+build.17-v2.jar as ModCandidate{fabric-tool-attribute-api-v1@1.1.4+5794386e02}
[23:48:04] [ForkJoinPool-1-worker-1/DEBUG] (Fabric|Loader) Searching for nested JARs in ModCandidate{fabric-tool-attribute-api-v1@1.1.4+5794386e02}
[23:48:04] [ForkJoinPool-1-worker-15/DEBUG] (Fabric|Loader) Adding file:/C:/Users/Bryant/Documents/IntelliJ%20Projects/NetheriteHorseArmorFabric/.gradle/loom-cache/remapped_mods/fabric-item-api-v1-1.0.0+16acbe5b02@net.fabricmc.yarn.20w28a.20w28a+build.17-v2.jar as ModCandidate{fabric-item-api-v1@1.0.0+16acbe5b02}
[23:48:04] [ForkJoinPool-1-worker-15/DEBUG] (Fabric|Loader) Searching for nested JARs in ModCandidate{fabric-item-api-v1@1.0.0+16acbe5b02}
[23:48:04] [ForkJoinPool-1-worker-8/DEBUG] (Fabric|Loader) Adding file:/C:/Users/Bryant/Documents/IntelliJ%20Projects/NetheriteHorseArmorFabric/.gradle/loom-cache/remapped_mods/fabric-containers-v0-0.1.8+045df74f02@net.fabricmc.yarn.20w28a.20w28a+build.17-v2.jar as ModCandidate{fabric-containers-v0@0.1.8+045df74f02}
[23:48:04] [ForkJoinPool-1-worker-8/DEBUG] (Fabric|Loader) Searching for nested JARs in ModCandidate{fabric-containers-v0@0.1.8+045df74f02}
[23:48:04] [ForkJoinPool-1-worker-30/DEBUG] (Fabric|Loader) Adding file:/C:/Users/Bryant/Documents/IntelliJ%20Projects/NetheriteHorseArmorFabric/.gradle/loom-cache/remapped_mods/fabric-registry-sync-v0-0.3.8+7dba2d6c02@net.fabricmc.yarn.20w28a.20w28a+build.17-v2.jar as ModCandidate{fabric-registry-sync-v0@0.3.8+7dba2d6c02}
[23:48:04] [ForkJoinPool-1-worker-30/DEBUG] (Fabric|Loader) Searching for nested JARs in ModCandidate{fabric-registry-sync-v0@0.3.8+7dba2d6c02}
[23:48:04] [ForkJoinPool-1-worker-12/DEBUG] (Fabric|Loader) Adding file:/C:/Users/Bryant/Documents/IntelliJ%20Projects/NetheriteHorseArmorFabric/.gradle/loom-cache/remapped_mods/fabric-events-interaction-v0-0.3.3+7066030f02@net.fabricmc.yarn.20w28a.20w28a+build.17-v2.jar as ModCandidate{fabric-events-interaction-v0@0.3.3+7066030f02}
[23:48:04] [ForkJoinPool-1-worker-12/DEBUG] (Fabric|Loader) Searching for nested JARs in ModCandidate{fabric-events-interaction-v0@0.3.3+7066030f02}
[23:48:04] [ForkJoinPool-1-worker-2/DEBUG] (Fabric|Loader) Adding file:/C:/Users/Bryant/Documents/IntelliJ%20Projects/NetheriteHorseArmorFabric/.gradle/loom-cache/remapped_mods/fabric-rendering-fluids-v1-0.1.8+b7084faa02@net.fabricmc.yarn.20w28a.20w28a+build.17-v2.jar as ModCandidate{fabric-rendering-fluids-v1@0.1.8+b7084faa02}
[23:48:04] [ForkJoinPool-1-worker-2/DEBUG] (Fabric|Loader) Searching for nested JARs in ModCandidate{fabric-rendering-fluids-v1@0.1.8+b7084faa02}
[23:48:04] [ForkJoinPool-1-worker-11/DEBUG] (Fabric|Loader) Adding file:/C:/Users/Bryant/Documents/IntelliJ%20Projects/NetheriteHorseArmorFabric/.gradle/loom-cache/remapped_mods/fabric-rendering-v1-1.1.2+346247d702@net.fabricmc.yarn.20w28a.20w28a+build.17-v2.jar as ModCandidate{fabric-rendering-v1@1.1.2+346247d702}
[23:48:04] [ForkJoinPool-1-worker-11/DEBUG] (Fabric|Loader) Searching for nested JARs in ModCandidate{fabric-rendering-v1@1.1.2+346247d702}
[23:48:04] [ForkJoinPool-1-worker-16/DEBUG] (Fabric|Loader) Adding file:/C:/Users/Bryant/Documents/IntelliJ%20Projects/NetheriteHorseArmorFabric/.gradle/loom-cache/remapped_mods/fabric-crash-report-info-v1-0.1.2+b7f9825d02@net.fabricmc.yarn.20w28a.20w28a+build.17-v2.jar as ModCandidate{fabric-crash-report-info-v1@0.1.2+b7f9825d02}
[23:48:04] [ForkJoinPool-1-worker-16/DEBUG] (Fabric|Loader) Searching for nested JARs in ModCandidate{fabric-crash-report-info-v1@0.1.2+b7f9825d02}
[23:48:04] [ForkJoinPool-1-worker-20/DEBUG] (Fabric|Loader) Adding file:/C:/Users/Bryant/Documents/IntelliJ%20Projects/NetheriteHorseArmorFabric/.gradle/loom-cache/remapped_mods/fabric-api-0.14.1+build.372-1.16@net.fabricmc.yarn.20w28a.20w28a+build.17-v2.jar as ModCandidate{fabric@0.14.1+build.372-1.16}
[23:48:04] [ForkJoinPool-1-worker-20/DEBUG] (Fabric|Loader) Searching for nested JARs in ModCandidate{fabric@0.14.1+build.372-1.16}
[23:48:04] [ForkJoinPool-1-worker-18/DEBUG] (Fabric|Loader) Adding file:/C:/Users/Bryant/Documents/IntelliJ%20Projects/NetheriteHorseArmorFabric/.gradle/loom-cache/remapped_mods/fabric-content-registries-v0-0.1.9+059ea86602@net.fabricmc.yarn.20w28a.20w28a+build.17-v2.jar as ModCandidate{fabric-content-registries-v0@0.1.9+059ea86602}
[23:48:04] [ForkJoinPool-1-worker-18/DEBUG] (Fabric|Loader) Searching for nested JARs in ModCandidate{fabric-content-registries-v0@0.1.9+059ea86602}
[23:48:04] [ForkJoinPool-1-worker-25/DEBUG] (Fabric|Loader) Adding file:/C:/Users/Bryant/Documents/IntelliJ%20Projects/NetheriteHorseArmorFabric/.gradle/loom-cache/remapped_mods/fabric-object-builder-api-v1-1.5.5+e00ecb5f02@net.fabricmc.yarn.20w28a.20w28a+build.17-v2.jar as ModCandidate{fabric-object-builder-api-v1@1.5.5+e00ecb5f02}
[23:48:04] [ForkJoinPool-1-worker-25/DEBUG] (Fabric|Loader) Searching for nested JARs in ModCandidate{fabric-object-builder-api-v1@1.5.5+e00ecb5f02}
[23:48:04] [ForkJoinPool-1-worker-4/DEBUG] (Fabric|Loader) Adding file:/C:/Users/Bryant/Documents/IntelliJ%20Projects/NetheriteHorseArmorFabric/.gradle/loom-cache/remapped_mods/fabric-commands-v0-0.2.0+52d3083602@net.fabricmc.yarn.20w28a.20w28a+build.17-v2.jar as ModCandidate{fabric-commands-v0@0.2.0+52d3083602}
[23:48:04] [ForkJoinPool-1-worker-4/DEBUG] (Fabric|Loader) Searching for nested JARs in ModCandidate{fabric-commands-v0@0.2.0+52d3083602}
[23:48:04] [ForkJoinPool-1-worker-13/DEBUG] (Fabric|Loader) Adding file:/C:/Users/Bryant/Documents/IntelliJ%20Projects/NetheriteHorseArmorFabric/.gradle/loom-cache/remapped_mods/fabric-tag-extensions-v0-0.2.7+a4c57d8e02@net.fabricmc.yarn.20w28a.20w28a+build.17-v2.jar as ModCandidate{fabric-tag-extensions-v0@0.2.7+a4c57d8e02}
[23:48:04] [ForkJoinPool-1-worker-13/DEBUG] (Fabric|Loader) Searching for nested JARs in ModCandidate{fabric-tag-extensions-v0@0.2.7+a4c57d8e02}
[23:48:04] [ForkJoinPool-1-worker-6/DEBUG] (Fabric|Loader) Adding file:/C:/Users/Bryant/Documents/IntelliJ%20Projects/NetheriteHorseArmorFabric/.gradle/loom-cache/remapped_mods/fabric-item-groups-v0-0.2.0+438f963602@net.fabricmc.yarn.20w28a.20w28a+build.17-v2.jar as ModCandidate{fabric-item-groups-v0@0.2.0+438f963602}
[23:48:04] [ForkJoinPool-1-worker-6/DEBUG] (Fabric|Loader) Searching for nested JARs in ModCandidate{fabric-item-groups-v0@0.2.0+438f963602}
[23:48:04] [ForkJoinPool-1-worker-9/DEBUG] (Fabric|Loader) Adding file:/C:/Users/Bryant/Documents/IntelliJ%20Projects/NetheriteHorseArmorFabric/.gradle/loom-cache/remapped_mods/fabric-command-api-v1-1.0.8+5ce5339802@net.fabricmc.yarn.20w28a.20w28a+build.17-v2.jar as ModCandidate{fabric-command-api-v1@1.0.8+5ce5339802}
[23:48:04] [ForkJoinPool-1-worker-9/DEBUG] (Fabric|Loader) Searching for nested JARs in ModCandidate{fabric-command-api-v1@1.0.8+5ce5339802}
[23:48:04] [ForkJoinPool-1-worker-22/DEBUG] (Fabric|Loader) Adding file:/C:/Users/Bryant/Documents/IntelliJ%20Projects/NetheriteHorseArmorFabric/.gradle/loom-cache/remapped_mods/fabric-events-lifecycle-v0-0.2.0+16acbe5b02@net.fabricmc.yarn.20w28a.20w28a+build.17-v2.jar as ModCandidate{fabric-events-lifecycle-v0@0.2.0+16acbe5b02}
[23:48:04] [ForkJoinPool-1-worker-22/DEBUG] (Fabric|Loader) Searching for nested JARs in ModCandidate{fabric-events-lifecycle-v0@0.2.0+16acbe5b02}
[23:48:04] [ForkJoinPool-1-worker-27/DEBUG] (Fabric|Loader) Adding file:/C:/Users/Bryant/Documents/IntelliJ%20Projects/NetheriteHorseArmorFabric/.gradle/loom-cache/remapped_mods/fabric-key-binding-api-v1-1.0.0+e16a977402@net.fabricmc.yarn.20w28a.20w28a+build.17-v2.jar as ModCandidate{fabric-key-binding-api-v1@1.0.0+e16a977402}
[23:48:04] [ForkJoinPool-1-worker-27/DEBUG] (Fabric|Loader) Searching for nested JARs in ModCandidate{fabric-key-binding-api-v1@1.0.0+e16a977402}
[23:48:04] [ForkJoinPool-1-worker-29/DEBUG] (Fabric|Loader) Adding file:/C:/Users/Bryant/Documents/IntelliJ%20Projects/NetheriteHorseArmorFabric/.gradle/loom-cache/remapped_mods/fabric-renderer-indigo-0.3.2+4d66bed502@net.fabricmc.yarn.20w28a.20w28a+build.17-v2.jar as ModCandidate{fabric-renderer-indigo@0.3.2+4d66bed502}
[23:48:04] [ForkJoinPool-1-worker-29/DEBUG] (Fabric|Loader) Searching for nested JARs in ModCandidate{fabric-renderer-indigo@0.3.2+4d66bed502}
[23:48:04] [ForkJoinPool-1-worker-31/DEBUG] (Fabric|Loader) Adding file:/C:/Users/Bryant/Documents/IntelliJ%20Projects/NetheriteHorseArmorFabric/.gradle/loom-cache/remapped_mods/fabric-api-base-0.1.3+12a8474c02@net.fabricmc.yarn.20w28a.20w28a+build.17-v2.jar as ModCandidate{fabric-api-base@0.1.3+12a8474c02}
[23:48:04] [ForkJoinPool-1-worker-31/DEBUG] (Fabric|Loader) Searching for nested JARs in ModCandidate{fabric-api-base@0.1.3+12a8474c02}
[23:48:04] [main/DEBUG] (Fabric|Loader) Mod resolution detection time: 107ms
[23:48:04] [main/DEBUG] (Fabric|Loader) Mod resolution time: 5ms
[23:48:04] [main/INFO] (Fabric|Loader) [FabricLoader] Loading 41 mods: fabric-renderer-api-v1@0.2.13+eae12eb802, minecraft@1.16.2-alpha.20.28.a, fabric-screen-handler-api-v1@1.0.1+f362c86e02, fabric-networking-blockentity-v0@0.2.5+b50ffc7b02, fabric-keybindings-v0@0.2.0+3fa9f7c502, fabric-command-api-v1@1.0.8+5ce5339802, fabricloader@0.8.9+build.203, fabric-tool-attribute-api-v1@1.1.4+5794386e02, fabric-renderer-indigo@0.3.2+4d66bed502, fabric-containers-v0@0.1.8+045df74f02, fabric-dimensions-v1@1.0.0+a71b305302, fabric-object-builder-api-v1@1.5.5+e00ecb5f02, fabric-biomes-v1@0.2.7+059ea86602, fabric-item-api-v1@1.0.0+16acbe5b02, fabric-events-interaction-v0@0.3.3+7066030f02, fabric-crash-report-info-v1@0.1.2+b7f9825d02, fabric-api-base@0.1.3+12a8474c02, fabric-rendering-v0@1.1.0+5341049002, fabric-rendering-v1@1.1.2+346247d702, fabric-key-binding-api-v1@1.0.0+e16a977402, fabric-rendering-data-attachment-v1@0.1.3+b7f9825d02, netheritehorsearmor@0.1.1, fabric-resource-loader-v0@0.2.6+f41e209802, fabric-textures-v0@1.0.4+eae12eb802, fabric-content-registries-v0@0.1.9+059ea86602, fabric-tag-extensions-v0@0.2.7+a4c57d8e02, fabric-rendering-fluids-v1@0.1.8+b7084faa02, fabric-registry-sync-v0@0.3.8+7dba2d6c02, fabric-commands-v0@0.2.0+52d3083602, fabric-blockrenderlayer-v1@1.1.4+c6a8ea8902, fabric-lifecycle-events-v1@1.0.0+b0993bc102, fabric-mining-levels-v0@0.1.2+b764ce9902, fabric-renderer-registries-v1@2.0.1+5a0f9a6002, fabric-loot-tables-v1@0.1.10+059ea86602, fabric-events-lifecycle-v0@0.2.0+16acbe5b02, fabric@0.14.1+build.372-1.16, fabric-particles-v1@0.2.1+0a6f2a7002, fabric-models-v0@0.1.0+dfdb52d602, fabric-item-groups-v0@0.2.0+438f963602, fabric-networking-v0@0.1.10+e00ecb5f02, fabric-object-builders-v0@0.6.0+da175ad602
[23:48:04] [main/DEBUG] (FabricLoader) [Knot] Proposed file:/C:/Users/Bryant/Documents/IntelliJ%20Projects/NetheriteHorseArmorFabric/.gradle/loom-cache/remapped_mods/fabric-renderer-api-v1-0.2.13+eae12eb802@net.fabricmc.yarn.20w28a.20w28a+build.17-v2.jar to classpath.
[23:48:04] [main/DEBUG] (FabricLoader) [Knot] Proposed file:/C:/Users/Bryant/.gradle/caches/fabric-loom/20w28a-mapped-net.fabricmc.yarn-20w28a+build.17-v2/minecraft-20w28a-mapped-net.fabricmc.yarn-20w28a+build.17-v2.jar to classpath.
[23:48:04] [main/DEBUG] (FabricLoader) [Knot] Proposed file:/C:/Users/Bryant/Documents/IntelliJ%20Projects/NetheriteHorseArmorFabric/.gradle/loom-cache/remapped_mods/fabric-screen-handler-api-v1-1.0.1+f362c86e02@net.fabricmc.yarn.20w28a.20w28a+build.17-v2.jar to classpath.
[23:48:04] [main/DEBUG] (FabricLoader) [Knot] Proposed file:/C:/Users/Bryant/Documents/IntelliJ%20Projects/NetheriteHorseArmorFabric/.gradle/loom-cache/remapped_mods/fabric-networking-blockentity-v0-0.2.5+b50ffc7b02@net.fabricmc.yarn.20w28a.20w28a+build.17-v2.jar to classpath.
[23:48:04] [main/DEBUG] (FabricLoader) [Knot] Proposed file:/C:/Users/Bryant/Documents/IntelliJ%20Projects/NetheriteHorseArmorFabric/.gradle/loom-cache/remapped_mods/fabric-keybindings-v0-0.2.0+3fa9f7c502@net.fabricmc.yarn.20w28a.20w28a+build.17-v2.jar to classpath.
[23:48:04] [main/DEBUG] (FabricLoader) [Knot] Proposed file:/C:/Users/Bryant/Documents/IntelliJ%20Projects/NetheriteHorseArmorFabric/.gradle/loom-cache/remapped_mods/fabric-command-api-v1-1.0.8+5ce5339802@net.fabricmc.yarn.20w28a.20w28a+build.17-v2.jar to classpath.
[23:48:04] [main/DEBUG] (FabricLoader) [Knot] Proposed file:/C:/Users/Bryant/Documents/IntelliJ%20Projects/NetheriteHorseArmorFabric/.gradle/loom-cache/remapped_mods/fabric-tool-attribute-api-v1-1.1.4+5794386e02@net.fabricmc.yarn.20w28a.20w28a+build.17-v2.jar to classpath.
[23:48:04] [main/DEBUG] (FabricLoader) [Knot] Proposed file:/C:/Users/Bryant/Documents/IntelliJ%20Projects/NetheriteHorseArmorFabric/.gradle/loom-cache/remapped_mods/fabric-renderer-indigo-0.3.2+4d66bed502@net.fabricmc.yarn.20w28a.20w28a+build.17-v2.jar to classpath.
[23:48:04] [main/DEBUG] (FabricLoader) [Knot] Proposed file:/C:/Users/Bryant/Documents/IntelliJ%20Projects/NetheriteHorseArmorFabric/.gradle/loom-cache/remapped_mods/fabric-containers-v0-0.1.8+045df74f02@net.fabricmc.yarn.20w28a.20w28a+build.17-v2.jar to classpath.
[23:48:04] [main/DEBUG] (FabricLoader) [Knot] Proposed file:/C:/Users/Bryant/Documents/IntelliJ%20Projects/NetheriteHorseArmorFabric/.gradle/loom-cache/remapped_mods/fabric-dimensions-v1-1.0.0+a71b305302@net.fabricmc.yarn.20w28a.20w28a+build.17-v2.jar to classpath.
[23:48:04] [main/DEBUG] (FabricLoader) [Knot] Proposed file:/C:/Users/Bryant/Documents/IntelliJ%20Projects/NetheriteHorseArmorFabric/.gradle/loom-cache/remapped_mods/fabric-object-builder-api-v1-1.5.5+e00ecb5f02@net.fabricmc.yarn.20w28a.20w28a+build.17-v2.jar to classpath.
[23:48:04] [main/DEBUG] (FabricLoader) [Knot] Proposed file:/C:/Users/Bryant/Documents/IntelliJ%20Projects/NetheriteHorseArmorFabric/.gradle/loom-cache/remapped_mods/fabric-biomes-v1-0.2.7+059ea86602@net.fabricmc.yarn.20w28a.20w28a+build.17-v2.jar to classpath.
[23:48:04] [main/DEBUG] (FabricLoader) [Knot] Proposed file:/C:/Users/Bryant/Documents/IntelliJ%20Projects/NetheriteHorseArmorFabric/.gradle/loom-cache/remapped_mods/fabric-item-api-v1-1.0.0+16acbe5b02@net.fabricmc.yarn.20w28a.20w28a+build.17-v2.jar to classpath.
[23:48:04] [main/DEBUG] (FabricLoader) [Knot] Proposed file:/C:/Users/Bryant/Documents/IntelliJ%20Projects/NetheriteHorseArmorFabric/.gradle/loom-cache/remapped_mods/fabric-events-interaction-v0-0.3.3+7066030f02@net.fabricmc.yarn.20w28a.20w28a+build.17-v2.jar to classpath.
[23:48:04] [main/DEBUG] (FabricLoader) [Knot] Proposed file:/C:/Users/Bryant/Documents/IntelliJ%20Projects/NetheriteHorseArmorFabric/.gradle/loom-cache/remapped_mods/fabric-crash-report-info-v1-0.1.2+b7f9825d02@net.fabricmc.yarn.20w28a.20w28a+build.17-v2.jar to classpath.
[23:48:04] [main/DEBUG] (FabricLoader) [Knot] Proposed file:/C:/Users/Bryant/Documents/IntelliJ%20Projects/NetheriteHorseArmorFabric/.gradle/loom-cache/remapped_mods/fabric-api-base-0.1.3+12a8474c02@net.fabricmc.yarn.20w28a.20w28a+build.17-v2.jar to classpath.
[23:48:04] [main/DEBUG] (FabricLoader) [Knot] Proposed file:/C:/Users/Bryant/Documents/IntelliJ%20Projects/NetheriteHorseArmorFabric/.gradle/loom-cache/remapped_mods/fabric-rendering-v0-1.1.0+5341049002@net.fabricmc.yarn.20w28a.20w28a+build.17-v2.jar to classpath.
[23:48:04] [main/DEBUG] (FabricLoader) [Knot] Proposed file:/C:/Users/Bryant/Documents/IntelliJ%20Projects/NetheriteHorseArmorFabric/.gradle/loom-cache/remapped_mods/fabric-rendering-v1-1.1.2+346247d702@net.fabricmc.yarn.20w28a.20w28a+build.17-v2.jar to classpath.
[23:48:04] [main/DEBUG] (FabricLoader) [Knot] Proposed file:/C:/Users/Bryant/Documents/IntelliJ%20Projects/NetheriteHorseArmorFabric/.gradle/loom-cache/remapped_mods/fabric-key-binding-api-v1-1.0.0+e16a977402@net.fabricmc.yarn.20w28a.20w28a+build.17-v2.jar to classpath.
[23:48:04] [main/DEBUG] (FabricLoader) [Knot] Proposed file:/C:/Users/Bryant/Documents/IntelliJ%20Projects/NetheriteHorseArmorFabric/.gradle/loom-cache/remapped_mods/fabric-rendering-data-attachment-v1-0.1.3+b7f9825d02@net.fabricmc.yarn.20w28a.20w28a+build.17-v2.jar to classpath.
[23:48:04] [main/DEBUG] (FabricLoader) [Knot] Proposed file:/C:/Users/Bryant/Documents/IntelliJ%20Projects/NetheriteHorseArmorFabric/build/resources/main/ to classpath.
[23:48:04] [main/DEBUG] (FabricLoader) [Knot] Proposed file:/C:/Users/Bryant/Documents/IntelliJ%20Projects/NetheriteHorseArmorFabric/.gradle/loom-cache/remapped_mods/fabric-resource-loader-v0-0.2.6+f41e209802@net.fabricmc.yarn.20w28a.20w28a+build.17-v2.jar to classpath.
[23:48:04] [main/DEBUG] (FabricLoader) [Knot] Proposed file:/C:/Users/Bryant/Documents/IntelliJ%20Projects/NetheriteHorseArmorFabric/.gradle/loom-cache/remapped_mods/fabric-textures-v0-1.0.4+eae12eb802@net.fabricmc.yarn.20w28a.20w28a+build.17-v2.jar to classpath.
[23:48:04] [main/DEBUG] (FabricLoader) [Knot] Proposed file:/C:/Users/Bryant/Documents/IntelliJ%20Projects/NetheriteHorseArmorFabric/.gradle/loom-cache/remapped_mods/fabric-content-registries-v0-0.1.9+059ea86602@net.fabricmc.yarn.20w28a.20w28a+build.17-v2.jar to classpath.
[23:48:04] [main/DEBUG] (FabricLoader) [Knot] Proposed file:/C:/Users/Bryant/Documents/IntelliJ%20Projects/NetheriteHorseArmorFabric/.gradle/loom-cache/remapped_mods/fabric-tag-extensions-v0-0.2.7+a4c57d8e02@net.fabricmc.yarn.20w28a.20w28a+build.17-v2.jar to classpath.
[23:48:04] [main/DEBUG] (FabricLoader) [Knot] Proposed file:/C:/Users/Bryant/Documents/IntelliJ%20Projects/NetheriteHorseArmorFabric/.gradle/loom-cache/remapped_mods/fabric-rendering-fluids-v1-0.1.8+b7084faa02@net.fabricmc.yarn.20w28a.20w28a+build.17-v2.jar to classpath.
[23:48:04] [main/DEBUG] (FabricLoader) [Knot] Proposed file:/C:/Users/Bryant/Documents/IntelliJ%20Projects/NetheriteHorseArmorFabric/.gradle/loom-cache/remapped_mods/fabric-registry-sync-v0-0.3.8+7dba2d6c02@net.fabricmc.yarn.20w28a.20w28a+build.17-v2.jar to classpath.
[23:48:04] [main/DEBUG] (FabricLoader) [Knot] Proposed file:/C:/Users/Bryant/Documents/IntelliJ%20Projects/NetheriteHorseArmorFabric/.gradle/loom-cache/remapped_mods/fabric-commands-v0-0.2.0+52d3083602@net.fabricmc.yarn.20w28a.20w28a+build.17-v2.jar to classpath.
[23:48:04] [main/DEBUG] (FabricLoader) [Knot] Proposed file:/C:/Users/Bryant/Documents/IntelliJ%20Projects/NetheriteHorseArmorFabric/.gradle/loom-cache/remapped_mods/fabric-blockrenderlayer-v1-1.1.4+c6a8ea8902@net.fabricmc.yarn.20w28a.20w28a+build.17-v2.jar to classpath.
[23:48:04] [main/DEBUG] (FabricLoader) [Knot] Proposed file:/C:/Users/Bryant/Documents/IntelliJ%20Projects/NetheriteHorseArmorFabric/.gradle/loom-cache/remapped_mods/fabric-lifecycle-events-v1-1.0.0+b0993bc102@net.fabricmc.yarn.20w28a.20w28a+build.17-v2.jar to classpath.
[23:48:04] [main/DEBUG] (FabricLoader) [Knot] Proposed file:/C:/Users/Bryant/Documents/IntelliJ%20Projects/NetheriteHorseArmorFabric/.gradle/loom-cache/remapped_mods/fabric-mining-levels-v0-0.1.2+b764ce9902@net.fabricmc.yarn.20w28a.20w28a+build.17-v2.jar to classpath.
[23:48:04] [main/DEBUG] (FabricLoader) [Knot] Proposed file:/C:/Users/Bryant/Documents/IntelliJ%20Projects/NetheriteHorseArmorFabric/.gradle/loom-cache/remapped_mods/fabric-renderer-registries-v1-2.0.1+5a0f9a6002@net.fabricmc.yarn.20w28a.20w28a+build.17-v2.jar to classpath.
[23:48:04] [main/DEBUG] (FabricLoader) [Knot] Proposed file:/C:/Users/Bryant/Documents/IntelliJ%20Projects/NetheriteHorseArmorFabric/.gradle/loom-cache/remapped_mods/fabric-loot-tables-v1-0.1.10+059ea86602@net.fabricmc.yarn.20w28a.20w28a+build.17-v2.jar to classpath.
[23:48:04] [main/DEBUG] (FabricLoader) [Knot] Proposed file:/C:/Users/Bryant/Documents/IntelliJ%20Projects/NetheriteHorseArmorFabric/.gradle/loom-cache/remapped_mods/fabric-events-lifecycle-v0-0.2.0+16acbe5b02@net.fabricmc.yarn.20w28a.20w28a+build.17-v2.jar to classpath.
[23:48:04] [main/DEBUG] (FabricLoader) [Knot] Proposed file:/C:/Users/Bryant/Documents/IntelliJ%20Projects/NetheriteHorseArmorFabric/.gradle/loom-cache/remapped_mods/fabric-api-0.14.1+build.372-1.16@net.fabricmc.yarn.20w28a.20w28a+build.17-v2.jar to classpath.
[23:48:04] [main/DEBUG] (FabricLoader) [Knot] Proposed file:/C:/Users/Bryant/Documents/IntelliJ%20Projects/NetheriteHorseArmorFabric/.gradle/loom-cache/remapped_mods/fabric-particles-v1-0.2.1+0a6f2a7002@net.fabricmc.yarn.20w28a.20w28a+build.17-v2.jar to classpath.
[23:48:04] [main/DEBUG] (FabricLoader) [Knot] Proposed file:/C:/Users/Bryant/Documents/IntelliJ%20Projects/NetheriteHorseArmorFabric/.gradle/loom-cache/remapped_mods/fabric-models-v0-0.1.0+dfdb52d602@net.fabricmc.yarn.20w28a.20w28a+build.17-v2.jar to classpath.
[23:48:04] [main/DEBUG] (FabricLoader) [Knot] Proposed file:/C:/Users/Bryant/Documents/IntelliJ%20Projects/NetheriteHorseArmorFabric/.gradle/loom-cache/remapped_mods/fabric-item-groups-v0-0.2.0+438f963602@net.fabricmc.yarn.20w28a.20w28a+build.17-v2.jar to classpath.
[23:48:04] [main/DEBUG] (FabricLoader) [Knot] Proposed file:/C:/Users/Bryant/Documents/IntelliJ%20Projects/NetheriteHorseArmorFabric/.gradle/loom-cache/remapped_mods/fabric-networking-v0-0.1.10+e00ecb5f02@net.fabricmc.yarn.20w28a.20w28a+build.17-v2.jar to classpath.
[23:48:04] [main/DEBUG] (FabricLoader) [Knot] Proposed file:/C:/Users/Bryant/Documents/IntelliJ%20Projects/NetheriteHorseArmorFabric/.gradle/loom-cache/remapped_mods/fabric-object-builders-v0-0.6.0+da175ad602@net.fabricmc.yarn.20w28a.20w28a+build.17-v2.jar to classpath.
[23:48:04] [main/DEBUG] (Fabric|Loader) Registering new-style initializer net.fabricmc.fabric.impl.screenhandler.client.ClientNetworking for mod fabric-screen-handler-api-v1 (key client)
[23:48:04] [main/DEBUG] (Fabric|Loader) Registering new-style initializer net.fabricmc.fabric.impl.tool.attribute.ToolHandlers for mod fabric-tool-attribute-api-v1 (key main)
[23:48:04] [main/DEBUG] (Fabric|Loader) Registering new-style initializer net.fabricmc.fabric.impl.client.indigo.Indigo for mod fabric-renderer-indigo (key client)
[23:48:04] [main/DEBUG] (Fabric|Loader) Registering new-style initializer net.fabricmc.fabric.impl.client.container.ScreenProviderRegistryImpl::init for mod fabric-containers-v0 (key client)
[23:48:04] [main/DEBUG] (Fabric|Loader) Registering new-style initializer net.fabricmc.fabric.impl.event.interaction.InteractionEventsRouterClient for mod fabric-events-interaction-v0 (key client)
[23:48:04] [main/DEBUG] (Fabric|Loader) Registering new-style initializer net.fabricmc.fabric.impl.event.interaction.InteractionEventsRouter for mod fabric-events-interaction-v0 (key main)
[23:48:04] [main/DEBUG] (Fabric|Loader) Registering new-style initializer net.fabricmc.fabric.impl.client.rendering.RenderingCallbackInvoker for mod fabric-rendering-v0 (key client)
[23:48:04] [main/DEBUG] (Fabric|Loader) Registering new-style initializer com.p3ng00.netheritehorsearmor.NetheriteHorseArmor for mod netheritehorsearmor (key main)
[23:48:04] [main/DEBUG] (Fabric|Loader) Registering new-style initializer net.fabricmc.fabric.impl.registry.sync.FabricRegistryClientInit for mod fabric-registry-sync-v0 (key client)
[23:48:04] [main/DEBUG] (Fabric|Loader) Registering new-style initializer net.fabricmc.fabric.impl.registry.sync.FabricRegistryInit for mod fabric-registry-sync-v0 (key main)
[23:48:04] [main/DEBUG] (Fabric|Loader) Registering new-style initializer net.fabricmc.fabric.impl.event.lifecycle.client.LegacyClientEventInvokers for mod fabric-events-lifecycle-v0 (key client)
[23:48:04] [main/DEBUG] (Fabric|Loader) Registering new-style initializer net.fabricmc.fabric.impl.event.lifecycle.LegacyEventInvokers for mod fabric-events-lifecycle-v0 (key main)
[23:48:04] [main/DEBUG] (FabricLoader) Loading mappings took 88 ms
[23:48:04] [main/DEBUG] (mixin) Mixin bootstrap service org.spongepowered.asm.service.mojang.MixinServiceLaunchWrapperBootstrap is not available: LaunchWrapper is not available
[23:48:04] [main/DEBUG] (mixin) Mixin bootstrap service org.spongepowered.asm.service.modlauncher.MixinServiceModLauncherBootstrap is not available: ModLauncher is not available
[23:48:04] [main/DEBUG] (mixin) MixinService [ModLauncher] is not valid
[23:48:04] [main/DEBUG] (mixin) MixinService [Knot/Fabric] was successfully booted in sun.misc.Launcher$AppClassLoader@18b4aac2
[23:48:04] [main/INFO] (mixin) SpongePowered MIXIN Subsystem Version=0.8 Source=file:/C:/Users/Bryant/.gradle/caches/modules-2/files-2.1/net.fabricmc/sponge-mixin/0.8+build.18/af077ad2845a00cde186fa2c99c4dd32bd2a2766/sponge-mixin-0.8+build.18.jar Service=Knot/Fabric Env=CLIENT
[23:48:04] [main/DEBUG] (mixin) Initialising Mixin Platform Manager
[23:48:04] [main/DEBUG] (mixin) Adding mixin platform agents for container ContainerHandleURI(file:/C:/Users/Bryant/Documents/IntelliJ%20Projects/NetheriteHorseArmorFabric/.gradle/loom-cache/remapped_mods/fabric-loader-0.8.9+build.203@net.fabricmc.yarn.20w28a.20w28a+build.17-v2.jar)
[23:48:04] [main/DEBUG] (mixin) Instancing new MixinPlatformAgentDefault for ContainerHandleURI(file:/C:/Users/Bryant/Documents/IntelliJ%20Projects/NetheriteHorseArmorFabric/.gradle/loom-cache/remapped_mods/fabric-loader-0.8.9+build.203@net.fabricmc.yarn.20w28a.20w28a+build.17-v2.jar)
[23:48:04] [main/DEBUG] (mixin) MixinPlatformAgentDefault accepted container ContainerHandleURI(file:/C:/Users/Bryant/Documents/IntelliJ%20Projects/NetheriteHorseArmorFabric/.gradle/loom-cache/remapped_mods/fabric-loader-0.8.9+build.203@net.fabricmc.yarn.20w28a.20w28a+build.17-v2.jar)
[23:48:04] [main/DEBUG] (mixin) Instancing new MixinPlatformAgentDefault for ContainerHandleURI(file:/C:/Users/Bryant/Documents/IntelliJ%20Projects/NetheriteHorseArmorFabric/.gradle/loom-cache/remapped_mods/fabric-loader-0.8.9+build.203@net.fabricmc.yarn.20w28a.20w28a+build.17-v2.jar)
[23:48:04] [main/DEBUG] (mixin) MixinPlatformAgentDefault accepted container ContainerHandleURI(file:/C:/Users/Bryant/Documents/IntelliJ%20Projects/NetheriteHorseArmorFabric/.gradle/loom-cache/remapped_mods/fabric-loader-0.8.9+build.203@net.fabricmc.yarn.20w28a.20w28a+build.17-v2.jar)
[23:48:04] [main/DEBUG] (mixin) Processing prepare() for PlatformAgent[MixinPlatformAgentDefault:ContainerHandleURI(file:/C:/Users/Bryant/Documents/IntelliJ%20Projects/NetheriteHorseArmorFabric/.gradle/loom-cache/remapped_mods/fabric-loader-0.8.9+build.203@net.fabricmc.yarn.20w28a.20w28a+build.17-v2.jar)]
[23:48:04] [main/DEBUG] (mixin) Processing prepare() for PlatformAgent[MixinPlatformAgentDefault:ContainerHandleURI(file:/C:/Users/Bryant/Documents/IntelliJ%20Projects/NetheriteHorseArmorFabric/.gradle/loom-cache/remapped_mods/fabric-loader-0.8.9+build.203@net.fabricmc.yarn.20w28a.20w28a+build.17-v2.jar)]
[23:48:04] [main/INFO] (Fabric|MixinBootstrap) Loaded Fabric development mappings for mixin remapper!
[23:48:04] [main/DEBUG] (mixin) Mixin config fabric-networking-v0.mixins.json does not specify "minVersion" property
[23:48:04] [main/DEBUG] (mixin) Mixin config fabric-networking-blockentity-v0.mixins.json does not specify "minVersion" property
[23:48:04] [main/DEBUG] (mixin) Mixin config fabric-biomes-v1.mixins.json does not specify "minVersion" property
[23:48:04] [main/DEBUG] (mixin) Mixin config fabric-screen-handler-api-v1.mixins.json does not specify "minVersion" property
[23:48:04] [main/DEBUG] (mixin) Mixin config fabric-lifecycle-events-v1.mixins.json does not specify "minVersion" property
[23:48:04] [main/DEBUG] (mixin) Mixin config fabric-containers-v0.mixins.json does not specify "minVersion" property
[23:48:04] [main/DEBUG] (mixin) Mixin config fabric-renderer-indigo.mixins.json does not specify "minVersion" property
[23:48:04] [main/DEBUG] (mixin) Mixin config fabric-rendering-data-attachment-v1.mixins.json does not specify "minVersion" property
[23:48:04] [main/DEBUG] (mixin) Mixin config fabric-item-api-v1.mixins.json does not specify "minVersion" property
[23:48:04] [main/DEBUG] (mixin) Mixin config fabric-events-interaction-v0.mixins.json does not specify "minVersion" property
[23:48:04] [main/DEBUG] (mixin) Mixin config fabric-loot-tables-v1.mixins.json does not specify "minVersion" property
[23:48:04] [main/DEBUG] (mixin) Mixin config fabric-object-builder-v1.mixins.json does not specify "minVersion" property
[23:48:04] [main/DEBUG] (mixin) Mixin config fabric-dimensions-v1.mixins.json does not specify "minVersion" property
[23:48:04] [main/DEBUG] (mixin) Mixin config fabric-renderer-registries-v1.mixins.json does not specify "minVersion" property
[23:48:04] [main/DEBUG] (mixin) Mixin config fabric-textures-v0.mixins.json does not specify "minVersion" property
[23:48:04] [main/DEBUG] (mixin) Mixin config fabric-registry-sync-v0.mixins.json does not specify "minVersion" property
[23:48:04] [main/DEBUG] (mixin) Mixin config fabric-models-v0.mixins.json does not specify "minVersion" property
[23:48:04] [main/DEBUG] (mixin) Mixin config fabric-blockrenderlayer-v1.mixins.json does not specify "minVersion" property
[23:48:04] [main/DEBUG] (mixin) Mixin config fabric-renderer-api-v1.debughud.mixins.json does not specify "minVersion" property
[23:48:04] [main/DEBUG] (mixin) Mixin config fabric-containers-v0.accurate.mixins.json does not specify "minVersion" property
[23:48:04] [main/DEBUG] (mixin) Mixin config fabric-rendering-fluids-v1.mixins.json does not specify "minVersion" property
[23:48:04] [main/DEBUG] (mixin) Mixin config fabric-resource-loader-v0.mixins.json does not specify "minVersion" property
[23:48:04] [main/DEBUG] (mixin) Mixin config fabric-particles-v1.mixins.json does not specify "minVersion" property
[23:48:04] [main/DEBUG] (mixin) Mixin config fabric-object-builders-v0.mixins.json does not specify "minVersion" property
[23:48:04] [main/DEBUG] (mixin) Mixin config fabric-tag-extensions-v0.mixins.json does not specify "minVersion" property
[23:48:04] [main/DEBUG] (mixin) Mixin config fabric-tool-attribute-api-v1.mixins.json does not specify "minVersion" property
[23:48:04] [main/DEBUG] (mixin) Mixin config fabric-rendering-v1.mixins.json does not specify "minVersion" property
[23:48:04] [main/DEBUG] (mixin) Mixin config fabric-item-groups-v0.mixins.json does not specify "minVersion" property
[23:48:04] [main/DEBUG] (mixin) Mixin config fabric-content-registries-v0.mixins.json does not specify "minVersion" property
[23:48:04] [main/DEBUG] (mixin) Mixin config fabric-command-api-v1.mixins.json does not specify "minVersion" property
[23:48:04] [main/DEBUG] (mixin) Mixin config fabric-crash-report-info-v1.mixins.json does not specify "minVersion" property
[23:48:04] [main/DEBUG] (mixin) Mixin config fabric-key-binding-api-v1.mixins.json does not specify "minVersion" property
[23:48:04] [main/DEBUG] (mixin) Mixin config fabric-renderer-api-v1.mixins.json does not specify "minVersion" property
[23:48:05] [main/DEBUG] (mixin) Error cleaning class output directory: .mixin.out\class: failed to delete one or more files; see suppressed exceptions for details
[23:48:05] [main/DEBUG] (Fabric|Loader) No subscribers for entrypoint 'preLaunch'
[23:48:05] [main/DEBUG] (mixin) Preparing mixins for MixinEnvironment[DEFAULT]
[23:48:05] [main/DEBUG] (mixin) Selecting config fabric-networking-v0.mixins.json
[23:48:05] [main/INFO] (mixin) Remapping refMap fabric-networking-v0-refmap.json using remapper chain
[23:48:05] [main/DEBUG] (mixin) Selecting config fabric-networking-blockentity-v0.mixins.json
[23:48:05] [main/INFO] (mixin) Remapping refMap fabric-networking-blockentity-v0-refmap.json using remapper chain
[23:48:05] [main/DEBUG] (mixin) Selecting config fabric-biomes-v1.mixins.json
[23:48:05] [main/INFO] (mixin) Remapping refMap fabric-biomes-v1-refmap.json using remapper chain
[23:48:05] [main/DEBUG] (mixin) Selecting config fabric-screen-handler-api-v1.mixins.json
[23:48:05] [main/INFO] (mixin) Remapping refMap fabric-screen-handler-api-v1-refmap.json using remapper chain
[23:48:05] [main/DEBUG] (mixin) Selecting config fabric-lifecycle-events-v1.mixins.json
[23:48:05] [main/INFO] (mixin) Remapping refMap fabric-lifecycle-events-v1-refmap.json using remapper chain
[23:48:05] [main/DEBUG] (mixin) Selecting config fabric-containers-v0.mixins.json
[23:48:05] [main/INFO] (mixin) Remapping refMap fabric-containers-v0-refmap.json using remapper chain
[23:48:05] [main/DEBUG] (mixin) Selecting config fabric-renderer-indigo.mixins.json
[23:48:05] [main/INFO] (mixin) Remapping refMap fabric-renderer-indigo-refmap.json using remapper chain
[23:48:05] [main/DEBUG] (mixin) Selecting config fabric-rendering-data-attachment-v1.mixins.json
[23:48:05] [main/INFO] (mixin) Remapping refMap fabric-rendering-data-attachment-v1-refmap.json using remapper chain
[23:48:05] [main/DEBUG] (mixin) Selecting config fabric-item-api-v1.mixins.json
[23:48:05] [main/INFO] (mixin) Remapping refMap fabric-item-api-v1-refmap.json using remapper chain
[23:48:05] [main/DEBUG] (mixin) Selecting config fabric-events-interaction-v0.mixins.json
[23:48:05] [main/INFO] (mixin) Remapping refMap fabric-events-interaction-v0-refmap.json using remapper chain
[23:48:05] [main/DEBUG] (mixin) Selecting config fabric-loot-tables-v1.mixins.json
[23:48:05] [main/INFO] (mixin) Remapping refMap fabric-loot-tables-v1-refmap.json using remapper chain
[23:48:05] [main/DEBUG] (mixin) Selecting config fabric-object-builder-v1.mixins.json
[23:48:05] [main/INFO] (mixin) Remapping refMap fabric-object-builder-api-v1-refmap.json using remapper chain
[23:48:05] [main/DEBUG] (mixin) Selecting config fabric-dimensions-v1.mixins.json
[23:48:05] [main/INFO] (mixin) Remapping refMap fabric-dimensions-v1-refmap.json using remapper chain
[23:48:05] [main/DEBUG] (mixin) Selecting config fabric-renderer-registries-v1.mixins.json
[23:48:05] [main/INFO] (mixin) Remapping refMap fabric-renderer-registries-v1-refmap.json using remapper chain
[23:48:05] [main/DEBUG] (mixin) Selecting config fabric-textures-v0.mixins.json
[23:48:05] [main/INFO] (mixin) Remapping refMap fabric-textures-v0-refmap.json using remapper chain
[23:48:05] [main/DEBUG] (mixin) Selecting config fabric-registry-sync-v0.mixins.json
[23:48:05] [main/INFO] (mixin) Remapping refMap fabric-registry-sync-v0-refmap.json using remapper chain
[23:48:05] [main/DEBUG] (mixin) Selecting config fabric-models-v0.mixins.json
[23:48:05] [main/INFO] (mixin) Remapping refMap fabric-models-v0-refmap.json using remapper chain
[23:48:05] [main/DEBUG] (mixin) Selecting config fabric-blockrenderlayer-v1.mixins.json
[23:48:05] [main/INFO] (mixin) Remapping refMap fabric-blockrenderlayer-v1-refmap.json using remapper chain
[23:48:05] [main/DEBUG] (mixin) Selecting config fabric-renderer-api-v1.debughud.mixins.json
[23:48:05] [main/INFO] (mixin) Remapping refMap fabric-renderer-api-v1-refmap.json using remapper chain
[23:48:05] [main/DEBUG] (mixin) Selecting config fabric-containers-v0.accurate.mixins.json
[23:48:05] [main/INFO] (mixin) Remapping refMap fabric-containers-v0-refmap.json using remapper chain
[23:48:05] [main/DEBUG] (mixin) Selecting config fabric-rendering-fluids-v1.mixins.json
[23:48:05] [main/INFO] (mixin) Remapping refMap fabric-rendering-fluids-v1-refmap.json using remapper chain
[23:48:05] [main/DEBUG] (mixin) Selecting config fabric-resource-loader-v0.mixins.json
[23:48:05] [main/INFO] (mixin) Remapping refMap fabric-resource-loader-v0-refmap.json using remapper chain
[23:48:05] [main/DEBUG] (mixin) Selecting config fabric-particles-v1.mixins.json
[23:48:05] [main/INFO] (mixin) Remapping refMap fabric-particles-v1-refmap.json using remapper chain
[23:48:05] [main/DEBUG] (mixin) Selecting config fabric-object-builders-v0.mixins.json
[23:48:05] [main/INFO] (mixin) Remapping refMap fabric-object-builders-refmap.json using remapper chain
[23:48:05] [main/DEBUG] (mixin) Selecting config fabric-tag-extensions-v0.mixins.json
[23:48:05] [main/INFO] (mixin) Remapping refMap fabric-tag-extensions-v0-refmap.json using remapper chain
[23:48:05] [main/DEBUG] (mixin) Selecting config fabric-tool-attribute-api-v1.mixins.json
[23:48:05] [main/INFO] (mixin) Remapping refMap fabric-tool-attribute-api-v1-refmap.json using remapper chain
[23:48:05] [main/DEBUG] (mixin) Selecting config fabric-rendering-v1.mixins.json
[23:48:05] [main/INFO] (mixin) Remapping refMap fabric-rendering-v1-refmap.json using remapper chain
[23:48:05] [main/DEBUG] (mixin) Selecting config fabric-item-groups-v0.mixins.json
[23:48:05] [main/INFO] (mixin) Remapping refMap fabric-item-groups-v0-refmap.json using remapper chain
[23:48:05] [main/DEBUG] (mixin) Selecting config fabric-content-registries-v0.mixins.json
[23:48:05] [main/INFO] (mixin) Remapping refMap fabric-content-registries-v0-refmap.json using remapper chain
[23:48:05] [main/DEBUG] (mixin) Selecting config fabric-command-api-v1.mixins.json
[23:48:05] [main/INFO] (mixin) Remapping refMap fabric-command-api-v1-refmap.json using remapper chain
[23:48:05] [main/DEBUG] (mixin) Selecting config fabric-crash-report-info-v1.mixins.json
[23:48:05] [main/INFO] (mixin) Remapping refMap fabric-crash-report-info-v1-refmap.json using remapper chain
[23:48:05] [main/DEBUG] (mixin) Selecting config fabric-key-binding-api-v1.mixins.json
[23:48:05] [main/INFO] (mixin) Remapping refMap fabric-key-binding-api-v1-refmap.json using remapper chain
[23:48:05] [main/DEBUG] (mixin) Selecting config fabric-renderer-api-v1.mixins.json
[23:48:05] [main/INFO] (mixin) Remapping refMap fabric-renderer-api-v1-refmap.json using remapper chain
[23:48:05] [main/DEBUG] (mixin) Preparing fabric-networking-v0.mixins.json (7)
[23:48:05] [main/WARN] (mixin) @Mixin target net/minecraft/server/world/ThreadedAnvilChunkStorage$EntityTracker is public in fabric-networking-v0.mixins.json:MixinEntityTracker and should be specified in value
[23:48:05] [main/DEBUG] (mixin) Preparing fabric-networking-blockentity-v0.mixins.json (2)
[23:48:05] [main/DEBUG] (mixin) Preparing fabric-biomes-v1.mixins.json (7)
[23:48:05] [main/DEBUG] (mixin) Preparing fabric-screen-handler-api-v1.mixins.json (1)
[23:48:05] [main/DEBUG] (mixin) Preparing fabric-lifecycle-events-v1.mixins.json (8)
[23:48:05] [main/DEBUG] (mixin) Preparing fabric-containers-v0.mixins.json (1)
[23:48:05] [main/DEBUG] (mixin) Preparing fabric-renderer-indigo.mixins.json (7)
[23:48:05] [main/WARN] (mixin) @Mixin target net/minecraft/client/render/block/BlockModelRenderer$AmbientOcclusionCalculator is public in fabric-renderer-indigo.mixins.json:MixinAmbientOcclusionCalculator and should be specified in value
[23:48:05] [main/WARN] (mixin) @Mixin target net/minecraft/client/render/chunk/ChunkBuilder$BuiltChunk$RebuildTask is public in fabric-renderer-indigo.mixins.json:MixinChunkRebuildTask and should be specified in value
[23:48:05] [main/DEBUG] (mixin) Preparing fabric-rendering-data-attachment-v1.mixins.json (3)
[23:48:05] [main/DEBUG] (mixin) Preparing fabric-item-api-v1.mixins.json (1)
[23:48:05] [main/DEBUG] (mixin) Preparing fabric-events-interaction-v0.mixins.json (5)
[23:48:05] [main/DEBUG] (mixin) Preparing fabric-loot-tables-v1.mixins.json (5)
[23:48:05] [main/DEBUG] (mixin) Preparing fabric-object-builder-v1.mixins.json (11)
[23:48:05] [main/DEBUG] (mixin) Preparing fabric-dimensions-v1.mixins.json (4)
[23:48:05] [main/DEBUG] (mixin) Preparing fabric-renderer-registries-v1.mixins.json (2)
[23:48:05] [main/DEBUG] (mixin) Preparing fabric-textures-v0.mixins.json (1)
[23:48:05] [main/DEBUG] (mixin) Preparing fabric-registry-sync-v0.mixins.json (13)
[23:48:05] [main/DEBUG] (mixin) Preparing fabric-models-v0.mixins.json (1)
[23:48:05] [main/DEBUG] (mixin) Preparing fabric-blockrenderlayer-v1.mixins.json (1)
[23:48:05] [main/DEBUG] (mixin) Preparing fabric-renderer-api-v1.debughud.mixins.json (1)
[23:48:05] [main/DEBUG] (mixin) Preparing fabric-containers-v0.accurate.mixins.json (1)
[23:48:05] [main/DEBUG] (mixin) Preparing fabric-rendering-fluids-v1.mixins.json (1)
[23:48:05] [main/DEBUG] (mixin) Preparing fabric-resource-loader-v0.mixins.json (10)
[23:48:05] [main/DEBUG] (mixin) Preparing fabric-particles-v1.mixins.json (3)
[23:48:05] [main/WARN] (mixin) @Mixin target net/minecraft/client/particle/ParticleManager$SimpleSpriteProvider is public in fabric-particles-v1.mixins.json:ParticleManagerAccessor$SimpleSpriteProviderAccessor and should be specified in value
[23:48:05] [main/DEBUG] (mixin) Preparing fabric-object-builders-v0.mixins.json (2)
[23:48:05] [main/DEBUG] (mixin) Preparing fabric-tag-extensions-v0.mixins.json (2)
[23:48:05] [main/WARN] (mixin) @Mixin target net/minecraft/tag/Tag$1 is public in fabric-tag-extensions-v0.mixins.json:MixinTagImpl and should be specified in value
[23:48:05] [main/DEBUG] (mixin) Preparing fabric-tool-attribute-api-v1.mixins.json (2)
[23:48:05] [main/DEBUG] (mixin) Preparing fabric-rendering-v1.mixins.json (5)
[23:48:05] [main/DEBUG] (mixin) Preparing fabric-item-groups-v0.mixins.json (3)
[23:48:05] [main/DEBUG] (mixin) Preparing fabric-content-registries-v0.mixins.json (2)
[23:48:05] [main/DEBUG] (mixin) Preparing fabric-command-api-v1.mixins.json (1)
[23:48:05] [main/DEBUG] (mixin) Preparing fabric-crash-report-info-v1.mixins.json (1)
[23:48:05] [main/DEBUG] (mixin) Preparing fabric-key-binding-api-v1.mixins.json (3)
[23:48:05] [main/DEBUG] (mixin) Preparing fabric-renderer-api-v1.mixins.json (2)
[23:48:05] [main/DEBUG] (mixin) Registering new injector for @Inject with org.spongepowered.asm.mixin.injection.struct.CallbackInjectionInfo
[23:48:05] [main/DEBUG] (mixin) Registering new injector for @ModifyArg with org.spongepowered.asm.mixin.injection.struct.ModifyArgInjectionInfo
[23:48:05] [main/DEBUG] (mixin) Registering new injector for @ModifyArgs with org.spongepowered.asm.mixin.injection.struct.ModifyArgsInjectionInfo
[23:48:05] [main/DEBUG] (mixin) Registering new injector for @Redirect with org.spongepowered.asm.mixin.injection.struct.RedirectInjectionInfo
[23:48:05] [main/DEBUG] (mixin) Registering new injector for @ModifyVariable with org.spongepowered.asm.mixin.injection.struct.ModifyVariableInjectionInfo
[23:48:05] [main/DEBUG] (mixin) Registering new injector for @ModifyConstant with org.spongepowered.asm.mixin.injection.struct.ModifyConstantInjectionInfo
[23:48:05] [main/WARN] (mixin) Error loading class: net/minecraft/class_2700$class_4297 (java.lang.ClassNotFoundException: net/minecraft/class_2700$class_4297)
[23:48:05] [main/DEBUG] (mixin) Prepared 119 mixins in 0.271 sec (2.3ms avg) (0ms load, 0ms transform, 0ms plugin)
[23:48:05] [main/DEBUG] (mixin) Mixing MixinLivingEntity from fabric-tool-attribute-api-v1.mixins.json into net.minecraft.entity.LivingEntity
[23:48:05] [main/DEBUG] (mixin) Mixing EntityHooks from fabric-dimensions-v1.mixins.json into net.minecraft.entity.Entity
[23:48:05] [main/DEBUG] (mixin) Mixing MixinEntity from fabric-dimensions-v1.mixins.json into net.minecraft.entity.Entity
[23:48:05] [main/FATAL] (mixin) Mixin apply failed fabric-dimensions-v1.mixins.json:EntityHooks -> net.minecraft.entity.Entity: org.spongepowered.asm.mixin.gen.throwables.InvalidAccessorException No candidates were found matching field_6020:Lnet/minecraft/util/math/Vec3d; in net/minecraft/entity/Entity for fabric-dimensions-v1.mixins.json:EntityHooks->@Accessor[FIELD_SETTER]::setLastNetherPortalDirectionVector(Lnet/minecraft/util/math/Vec3d;)V [INJECT Applicator Phase -> fabric-dimensions-v1.mixins.json:EntityHooks -> Apply Accessors ->  -> Locate -> fabric-dimensions-v1.mixins.json:EntityHooks->@Accessor[FIELD_SETTER]::setLastNetherPortalDirectionVector(Lnet/minecraft/util/math/Vec3d;)V]
org.spongepowered.asm.mixin.gen.throwables.InvalidAccessorException: No candidates were found matching field_6020:Lnet/minecraft/util/math/Vec3d; in net/minecraft/entity/Entity for fabric-dimensions-v1.mixins.json:EntityHooks->@Accessor[FIELD_SETTER]::setLastNetherPortalDirectionVector(Lnet/minecraft/util/math/Vec3d;)V [INJECT Applicator Phase -> fabric-dimensions-v1.mixins.json:EntityHooks -> Apply Accessors ->  -> Locate -> fabric-dimensions-v1.mixins.json:EntityHooks->@Accessor[FIELD_SETTER]::setLastNetherPortalDirectionVector(Lnet/minecraft/util/math/Vec3d;)V]
	at org.spongepowered.asm.mixin.gen.AccessorInfo.findTarget(AccessorInfo.java:518) ~[sponge-mixin-0.8+build.18.jar:0.8+build.18+unknown-b18.git-unknown]
	at org.spongepowered.asm.mixin.gen.AccessorInfo.findTargetField(AccessorInfo.java:501) ~[sponge-mixin-0.8+build.18.jar:0.8+build.18+unknown-b18.git-unknown]
	at org.spongepowered.asm.mixin.gen.AccessorInfo.locate(AccessorInfo.java:475) ~[sponge-mixin-0.8+build.18.jar:0.8+build.18+unknown-b18.git-unknown]
	at org.spongepowered.asm.mixin.transformer.MixinTargetContext.generateAccessors(MixinTargetContext.java:1307) ~[sponge-mixin-0.8+build.18.jar:0.8+build.18+unknown-b18.git-unknown]
	at org.spongepowered.asm.mixin.transformer.MixinApplicatorStandard.applyAccessors(MixinApplicatorStandard.java:1051) ~[sponge-mixin-0.8+build.18.jar:0.8+build.18+unknown-b18.git-unknown]
	at org.spongepowered.asm.mixin.transformer.MixinApplicatorStandard.applyMixin(MixinApplicatorStandard.java:393) ~[sponge-mixin-0.8+build.18.jar:0.8+build.18+unknown-b18.git-unknown]
	at org.spongepowered.asm.mixin.transformer.MixinApplicatorStandard.apply(MixinApplicatorStandard.java:320) ~[sponge-mixin-0.8+build.18.jar:0.8+build.18+unknown-b18.git-unknown]
	at org.spongepowered.asm.mixin.transformer.TargetClassContext.applyMixins(TargetClassContext.java:345) ~[sponge-mixin-0.8+build.18.jar:0.8+build.18+unknown-b18.git-unknown]
	at org.spongepowered.asm.mixin.transformer.MixinProcessor.applyMixins(MixinProcessor.java:570) [sponge-mixin-0.8+build.18.jar:0.8+build.18+unknown-b18.git-unknown]
	at org.spongepowered.asm.mixin.transformer.MixinProcessor.applyMixins(MixinProcessor.java:351) [sponge-mixin-0.8+build.18.jar:0.8+build.18+unknown-b18.git-unknown]
	at org.spongepowered.asm.mixin.transformer.MixinTransformer.transformClass(MixinTransformer.java:191) [sponge-mixin-0.8+build.18.jar:0.8+build.18+unknown-b18.git-unknown]
	at org.spongepowered.asm.mixin.transformer.MixinTransformer.transformClassBytes(MixinTransformer.java:178) [sponge-mixin-0.8+build.18.jar:0.8+build.18+unknown-b18.git-unknown]
	at org.spongepowered.asm.mixin.transformer.FabricMixinTransformerProxy.transformClassBytes(FabricMixinTransformerProxy.java:23) [fabric-loader-0.8.9+build.203@net.fabricmc.yarn.20w28a.20w28a+build.17-v2.jar:0.8+build.18+unknown-b18.git-unknown]
	at net.fabricmc.loader.launch.knot.KnotClassDelegate.getPostMixinClassByteArray(KnotClassDelegate.java:157) [fabric-loader-0.8.9+build.203@net.fabricmc.yarn.20w28a.20w28a+build.17-v2.jar:?]
	at net.fabricmc.loader.launch.knot.KnotClassLoader.loadClass(KnotClassLoader.java:143) [fabric-loader-0.8.9+build.203@net.fabricmc.yarn.20w28a.20w28a+build.17-v2.jar:?]
	at java.lang.ClassLoader.loadClass(ClassLoader.java:351) ~[?:1.8.0_252]
	at java.lang.ClassLoader.defineClass1(Native Method) [?:1.8.0_252]
	at java.lang.ClassLoader.defineClass(ClassLoader.java:756) [?:1.8.0_252]
	at java.security.SecureClassLoader.defineClass(SecureClassLoader.java:142) [?:1.8.0_252]
	at net.fabricmc.loader.launch.knot.KnotClassLoader.loadClass(KnotClassLoader.java:156) [fabric-loader-0.8.9+build.203@net.fabricmc.yarn.20w28a.20w28a+build.17-v2.jar:?]
	at java.lang.ClassLoader.loadClass(ClassLoader.java:351) ~[?:1.8.0_252]
	at java.lang.ClassLoader.defineClass1(Native Method) [?:1.8.0_252]
	at java.lang.ClassLoader.defineClass(ClassLoader.java:756) [?:1.8.0_252]
	at java.security.SecureClassLoader.defineClass(SecureClassLoader.java:142) [?:1.8.0_252]
	at net.fabricmc.loader.launch.knot.KnotClassLoader.loadClass(KnotClassLoader.java:156) [fabric-loader-0.8.9+build.203@net.fabricmc.yarn.20w28a.20w28a+build.17-v2.jar:?]
	at java.lang.ClassLoader.loadClass(ClassLoader.java:351) [?:1.8.0_252]
	at net.minecraft.client.main.Main.main(Main.java:118) [minecraft-20w28a-mapped-net.fabricmc.yarn-20w28a+build.17-v2.jar:?]
	at sun.reflect.NativeMethodAccessorImpl.invoke0(Native Method) ~[?:1.8.0_252]
	at sun.reflect.NativeMethodAccessorImpl.invoke(NativeMethodAccessorImpl.java:62) ~[?:1.8.0_252]
	at sun.reflect.DelegatingMethodAccessorImpl.invoke(DelegatingMethodAccessorImpl.java:43) ~[?:1.8.0_252]
	at java.lang.reflect.Method.invoke(Method.java:498) ~[?:1.8.0_252]
	at net.fabricmc.loader.game.MinecraftGameProvider.launch(MinecraftGameProvider.java:192) [fabric-loader-0.8.9+build.203@net.fabricmc.yarn.20w28a.20w28a+build.17-v2.jar:?]
	at net.fabricmc.loader.launch.knot.Knot.init(Knot.java:140) [fabric-loader-0.8.9+build.203@net.fabricmc.yarn.20w28a.20w28a+build.17-v2.jar:?]
	at net.fabricmc.loader.launch.knot.KnotClient.main(KnotClient.java:26) [fabric-loader-0.8.9+build.203@net.fabricmc.yarn.20w28a.20w28a+build.17-v2.jar:?]
	at net.fabricmc.devlaunchinjector.Main.main(Main.java:86) [dev-launch-injector-0.2.1+build.8.jar:?]
