[23:48:04] [main/INFO] (FabricLoader) Loading for game Minecraft 20w28a
[23:48:04] [main/INFO] (Fabric|Loader) [FabricLoader] Loading 41 mods: fabric-renderer-api-v1@0.2.13+eae12eb802, minecraft@1.16.2-alpha.20.28.a, fabric-screen-handler-api-v1@1.0.1+f362c86e02, fabric-networking-blockentity-v0@0.2.5+b50ffc7b02, fabric-keybindings-v0@0.2.0+3fa9f7c502, fabric-command-api-v1@1.0.8+5ce5339802, fabricloader@0.8.9+build.203, fabric-tool-attribute-api-v1@1.1.4+5794386e02, fabric-renderer-indigo@0.3.2+4d66bed502, fabric-containers-v0@0.1.8+045df74f02, fabric-dimensions-v1@1.0.0+a71b305302, fabric-object-builder-api-v1@1.5.5+e00ecb5f02, fabric-biomes-v1@0.2.7+059ea86602, fabric-item-api-v1@1.0.0+16acbe5b02, fabric-events-interaction-v0@0.3.3+7066030f02, fabric-crash-report-info-v1@0.1.2+b7f9825d02, fabric-api-base@0.1.3+12a8474c02, fabric-rendering-v0@1.1.0+5341049002, fabric-rendering-v1@1.1.2+346247d702, fabric-key-binding-api-v1@1.0.0+e16a977402, fabric-rendering-data-attachment-v1@0.1.3+b7f9825d02, netheritehorsearmor@0.1.1, fabric-resource-loader-v0@0.2.6+f41e209802, fabric-textures-v0@1.0.4+eae12eb802, fabric-content-registries-v0@0.1.9+059ea86602, fabric-tag-extensions-v0@0.2.7+a4c57d8e02, fabric-rendering-fluids-v1@0.1.8+b7084faa02, fabric-registry-sync-v0@0.3.8+7dba2d6c02, fabric-commands-v0@0.2.0+52d3083602, fabric-blockrenderlayer-v1@1.1.4+c6a8ea8902, fabric-lifecycle-events-v1@1.0.0+b0993bc102, fabric-mining-levels-v0@0.1.2+b764ce9902, fabric-renderer-registries-v1@2.0.1+5a0f9a6002, fabric-loot-tables-v1@0.1.10+059ea86602, fabric-events-lifecycle-v0@0.2.0+16acbe5b02, fabric@0.14.1+build.372-1.16, fabric-particles-v1@0.2.1+0a6f2a7002, fabric-models-v0@0.1.0+dfdb52d602, fabric-item-groups-v0@0.2.0+438f963602, fabric-networking-v0@0.1.10+e00ecb5f02, fabric-object-builders-v0@0.6.0+da175ad602
[23:48:04] [main/INFO] (mixin) SpongePowered MIXIN Subsystem Version=0.8 Source=file:/C:/Users/Bryant/.gradle/caches/modules-2/files-2.1/net.fabricmc/sponge-mixin/0.8+build.18/af077ad2845a00cde186fa2c99c4dd32bd2a2766/sponge-mixin-0.8+build.18.jar Service=Knot/Fabric Env=CLIENT
[23:48:04] [main/INFO] (Fabric|MixinBootstrap) Loaded Fabric development mappings for mixin remapper!
[23:48:05] [main/INFO] (mixin) Remapping refMap fabric-networking-v0-refmap.json using remapper chain
[23:48:05] [main/INFO] (mixin) Remapping refMap fabric-networking-blockentity-v0-refmap.json using remapper chain
[23:48:05] [main/INFO] (mixin) Remapping refMap fabric-biomes-v1-refmap.json using remapper chain
[23:48:05] [main/INFO] (mixin) Remapping refMap fabric-screen-handler-api-v1-refmap.json using remapper chain
[23:48:05] [main/INFO] (mixin) Remapping refMap fabric-lifecycle-events-v1-refmap.json using remapper chain
[23:48:05] [main/INFO] (mixin) Remapping refMap fabric-containers-v0-refmap.json using remapper chain
[23:48:05] [main/INFO] (mixin) Remapping refMap fabric-renderer-indigo-refmap.json using remapper chain
[23:48:05] [main/INFO] (mixin) Remapping refMap fabric-rendering-data-attachment-v1-refmap.json using remapper chain
[23:48:05] [main/INFO] (mixin) Remapping refMap fabric-item-api-v1-refmap.json using remapper chain
[23:48:05] [main/INFO] (mixin) Remapping refMap fabric-events-interaction-v0-refmap.json using remapper chain
[23:48:05] [main/INFO] (mixin) Remapping refMap fabric-loot-tables-v1-refmap.json using remapper chain
[23:48:05] [main/INFO] (mixin) Remapping refMap fabric-object-builder-api-v1-refmap.json using remapper chain
[23:48:05] [main/INFO] (mixin) Remapping refMap fabric-dimensions-v1-refmap.json using remapper chain
[23:48:05] [main/INFO] (mixin) Remapping refMap fabric-renderer-registries-v1-refmap.json using remapper chain
[23:48:05] [main/INFO] (mixin) Remapping refMap fabric-textures-v0-refmap.json using remapper chain
[23:48:05] [main/INFO] (mixin) Remapping refMap fabric-registry-sync-v0-refmap.json using remapper chain
[23:48:05] [main/INFO] (mixin) Remapping refMap fabric-models-v0-refmap.json using remapper chain
[23:48:05] [main/INFO] (mixin) Remapping refMap fabric-blockrenderlayer-v1-refmap.json using remapper chain
[23:48:05] [main/INFO] (mixin) Remapping refMap fabric-renderer-api-v1-refmap.json using remapper chain
[23:48:05] [main/INFO] (mixin) Remapping refMap fabric-containers-v0-refmap.json using remapper chain
[23:48:05] [main/INFO] (mixin) Remapping refMap fabric-rendering-fluids-v1-refmap.json using remapper chain
[23:48:05] [main/INFO] (mixin) Remapping refMap fabric-resource-loader-v0-refmap.json using remapper chain
[23:48:05] [main/INFO] (mixin) Remapping refMap fabric-particles-v1-refmap.json using remapper chain
[23:48:05] [main/INFO] (mixin) Remapping refMap fabric-object-builders-refmap.json using remapper chain
[23:48:05] [main/INFO] (mixin) Remapping refMap fabric-tag-extensions-v0-refmap.json using remapper chain
[23:48:05] [main/INFO] (mixin) Remapping refMap fabric-tool-attribute-api-v1-refmap.json using remapper chain
[23:48:05] [main/INFO] (mixin) Remapping refMap fabric-rendering-v1-refmap.json using remapper chain
[23:48:05] [main/INFO] (mixin) Remapping refMap fabric-item-groups-v0-refmap.json using remapper chain
[23:48:05] [main/INFO] (mixin) Remapping refMap fabric-content-registries-v0-refmap.json using remapper chain
[23:48:05] [main/INFO] (mixin) Remapping refMap fabric-command-api-v1-refmap.json using remapper chain
[23:48:05] [main/INFO] (mixin) Remapping refMap fabric-crash-report-info-v1-refmap.json using remapper chain
[23:48:05] [main/INFO] (mixin) Remapping refMap fabric-key-binding-api-v1-refmap.json using remapper chain
[23:48:05] [main/INFO] (mixin) Remapping refMap fabric-renderer-api-v1-refmap.json using remapper chain
[23:48:05] [main/WARN] (mixin) @Mixin target net/minecraft/server/world/ThreadedAnvilChunkStorage$EntityTracker is public in fabric-networking-v0.mixins.json:MixinEntityTracker and should be specified in value
[23:48:05] [main/WARN] (mixin) @Mixin target net/minecraft/client/render/block/BlockModelRenderer$AmbientOcclusionCalculator is public in fabric-renderer-indigo.mixins.json:MixinAmbientOcclusionCalculator and should be specified in value
[23:48:05] [main/WARN] (mixin) @Mixin target net/minecraft/client/render/chunk/ChunkBuilder$BuiltChunk$RebuildTask is public in fabric-renderer-indigo.mixins.json:MixinChunkRebuildTask and should be specified in value
[23:48:05] [main/WARN] (mixin) @Mixin target net/minecraft/client/particle/ParticleManager$SimpleSpriteProvider is public in fabric-particles-v1.mixins.json:ParticleManagerAccessor$SimpleSpriteProviderAccessor and should be specified in value
[23:48:05] [main/WARN] (mixin) @Mixin target net/minecraft/tag/Tag$1 is public in fabric-tag-extensions-v0.mixins.json:MixinTagImpl and should be specified in value
[23:48:05] [main/WARN] (mixin) Error loading class: net/minecraft/class_2700$class_4297 (java.lang.ClassNotFoundException: net/minecraft/class_2700$class_4297)
[23:48:05] [main/FATAL] (mixin) Mixin apply failed fabric-dimensions-v1.mixins.json:EntityHooks -> net.minecraft.entity.Entity: org.spongepowered.asm.mixin.gen.throwables.InvalidAccessorException No candidates were found matching field_6020:Lnet/minecraft/util/math/Vec3d; in net/minecraft/entity/Entity for fabric-dimensions-v1.mixins.json:EntityHooks->@Accessor[FIELD_SETTER]::setLastNetherPortalDirectionVector(Lnet/minecraft/util/math/Vec3d;)V [INJECT Applicator Phase -> fabric-dimensions-v1.mixins.json:EntityHooks -> Apply Accessors ->  -> Locate -> fabric-dimensions-v1.mixins.json:EntityHooks->@Accessor[FIELD_SETTER]::setLastNetherPortalDirectionVector(Lnet/minecraft/util/math/Vec3d;)V]
org.spongepowered.asm.mixin.gen.throwables.InvalidAccessorException: No candidates were found matching field_6020:Lnet/minecraft/util/math/Vec3d; in net/minecraft/entity/Entity for fabric-dimensions-v1.mixins.json:EntityHooks->@Accessor[FIELD_SETTER]::setLastNetherPortalDirectionVector(Lnet/minecraft/util/math/Vec3d;)V [INJECT Applicator Phase -> fabric-dimensions-v1.mixins.json:EntityHooks -> Apply Accessors ->  -> Locate -> fabric-dimensions-v1.mixins.json:EntityHooks->@Accessor[FIELD_SETTER]::setLastNetherPortalDirectionVector(Lnet/minecraft/util/math/Vec3d;)V]
	at org.spongepowered.asm.mixin.gen.AccessorInfo.findTarget(AccessorInfo.java:518) ~[sponge-mixin-0.8+build.18.jar:0.8+build.18+unknown-b18.git-unknown]
	at org.spongepowered.asm.mixin.gen.AccessorInfo.findTargetField(AccessorInfo.java:501) ~[sponge-mixin-0.8+build.18.jar:0.8+build.18+unknown-b18.git-unknown]
	at org.spongepowered.asm.mixin.gen.AccessorInfo.locate(AccessorInfo.java:475) ~[sponge-mixin-0.8+build.18.jar:0.8+build.18+unknown-b18.git-unknown]
	at org.spongepowered.asm.mixin.transformer.MixinTargetContext.generateAccessors(MixinTargetContext.java:1307) ~[sponge-mixin-0.8+build.18.jar:0.8+build.18+unknown-b18.git-unknown]
	at org.spongepowered.asm.mixin.transformer.MixinApplicatorStandard.applyAccessors(MixinApplicatorStandard.java:1051) ~[sponge-mixin-0.8+build.18.jar:0.8+build.18+unknown-b18.git-unknown]
	at org.spongepowered.asm.mixin.transformer.MixinApplicatorStandard.applyMixin(MixinApplicatorStandard.java:393) ~[sponge-mixin-0.8+build.18.jar:0.8+build.18+unknown-b18.git-unknown]
	at org.spongepowered.asm.mixin.transformer.MixinApplicatorStandard.apply(MixinApplicatorStandard.java:320) ~[sponge-mixin-0.8+build.18.jar:0.8+build.18+unknown-b18.git-unknown]
	at org.spongepowered.asm.mixin.transformer.TargetClassContext.applyMixins(TargetClassContext.java:345) ~[sponge-mixin-0.8+build.18.jar:0.8+build.18+unknown-b18.git-unknown]
	at org.spongepowered.asm.mixin.transformer.MixinProcessor.applyMixins(MixinProcessor.java:570) [sponge-mixin-0.8+build.18.jar:0.8+build.18+unknown-b18.git-unknown]
	at org.spongepowered.asm.mixin.transformer.MixinProcessor.applyMixins(MixinProcessor.java:351) [sponge-mixin-0.8+build.18.jar:0.8+build.18+unknown-b18.git-unknown]
	at org.spongepowered.asm.mixin.transformer.MixinTransformer.transformClass(MixinTransformer.java:191) [sponge-mixin-0.8+build.18.jar:0.8+build.18+unknown-b18.git-unknown]
	at org.spongepowered.asm.mixin.transformer.MixinTransformer.transformClassBytes(MixinTransformer.java:178) [sponge-mixin-0.8+build.18.jar:0.8+build.18+unknown-b18.git-unknown]
	at org.spongepowered.asm.mixin.transformer.FabricMixinTransformerProxy.transformClassBytes(FabricMixinTransformerProxy.java:23) [fabric-loader-0.8.9+build.203@net.fabricmc.yarn.20w28a.20w28a+build.17-v2.jar:0.8+build.18+unknown-b18.git-unknown]
	at net.fabricmc.loader.launch.knot.KnotClassDelegate.getPostMixinClassByteArray(KnotClassDelegate.java:157) [fabric-loader-0.8.9+build.203@net.fabricmc.yarn.20w28a.20w28a+build.17-v2.jar:?]
	at net.fabricmc.loader.launch.knot.KnotClassLoader.loadClass(KnotClassLoader.java:143) [fabric-loader-0.8.9+build.203@net.fabricmc.yarn.20w28a.20w28a+build.17-v2.jar:?]
	at java.lang.ClassLoader.loadClass(ClassLoader.java:351) ~[?:1.8.0_252]
	at java.lang.ClassLoader.defineClass1(Native Method) [?:1.8.0_252]
	at java.lang.ClassLoader.defineClass(ClassLoader.java:756) [?:1.8.0_252]
	at java.security.SecureClassLoader.defineClass(SecureClassLoader.java:142) [?:1.8.0_252]
	at net.fabricmc.loader.launch.knot.KnotClassLoader.loadClass(KnotClassLoader.java:156) [fabric-loader-0.8.9+build.203@net.fabricmc.yarn.20w28a.20w28a+build.17-v2.jar:?]
	at java.lang.ClassLoader.loadClass(ClassLoader.java:351) ~[?:1.8.0_252]
	at java.lang.ClassLoader.defineClass1(Native Method) [?:1.8.0_252]
	at java.lang.ClassLoader.defineClass(ClassLoader.java:756) [?:1.8.0_252]
	at java.security.SecureClassLoader.defineClass(SecureClassLoader.java:142) [?:1.8.0_252]
	at net.fabricmc.loader.launch.knot.KnotClassLoader.loadClass(KnotClassLoader.java:156) [fabric-loader-0.8.9+build.203@net.fabricmc.yarn.20w28a.20w28a+build.17-v2.jar:?]
	at java.lang.ClassLoader.loadClass(ClassLoader.java:351) [?:1.8.0_252]
	at net.minecraft.client.main.Main.main(Main.java:118) [minecraft-20w28a-mapped-net.fabricmc.yarn-20w28a+build.17-v2.jar:?]
	at sun.reflect.NativeMethodAccessorImpl.invoke0(Native Method) ~[?:1.8.0_252]
	at sun.reflect.NativeMethodAccessorImpl.invoke(NativeMethodAccessorImpl.java:62) ~[?:1.8.0_252]
	at sun.reflect.DelegatingMethodAccessorImpl.invoke(DelegatingMethodAccessorImpl.java:43) ~[?:1.8.0_252]
	at java.lang.reflect.Method.invoke(Method.java:498) ~[?:1.8.0_252]
	at net.fabricmc.loader.game.MinecraftGameProvider.launch(MinecraftGameProvider.java:192) [fabric-loader-0.8.9+build.203@net.fabricmc.yarn.20w28a.20w28a+build.17-v2.jar:?]
	at net.fabricmc.loader.launch.knot.Knot.init(Knot.java:140) [fabric-loader-0.8.9+build.203@net.fabricmc.yarn.20w28a.20w28a+build.17-v2.jar:?]
	at net.fabricmc.loader.launch.knot.KnotClient.main(KnotClient.java:26) [fabric-loader-0.8.9+build.203@net.fabricmc.yarn.20w28a.20w28a+build.17-v2.jar:?]
	at net.fabricmc.devlaunchinjector.Main.main(Main.java:86) [dev-launch-injector-0.2.1+build.8.jar:?]
